8=FIX4.4; 35=8; 34=54; 49=MS; 56=M3; 52=2024-05-23-05:38:16; 151=3540; 55=AAPL; 11=C_algo20240523053815; 31=0; 150=4; 39=4; 54=2; 17=exec20240523053816; 32=0; 41=algo20240523053815; 38=5898; 60=2024-05-23-05:38:16; 6=0.0; 14=1179; 37=algo20240523053815; 10=252;
8=FIX4.4; 35=8; 34=59; 49=MS; 56=M3; 52=2024-05-23-05:38:19; 151=2832; 55=AMZN; 11=C_algo20240523053819; 31=0; 150=4; 39=4; 54=1; 17=exec20240523053819; 32=0; 41=algo20240523053819; 38=3775; 60=2024-05-23-05:38:19; 6=0.0; 14=0; 37=algo20240523053819; 10=252;
8=FIX4.4; 35=8; 34=62; 49=MS; 56=M3; 52=2024-05-23-05:38:21; 151=16717; 55=FB; 11=C_algo20240523053821; 31=0; 150=4; 39=4; 54=1; 17=exec20240523053821; 32=0; 41=algo20240523053821; 38=25075; 60=2024-05-23-05:38:21; 6=0.0; 14=0; 37=algo20240523053821; 10=252;
8=FIX4.4; 35=8; 34=76; 49=MS; 56=M3; 52=2024-05-23-05:38:29; 151=4869; 55=CSCO; 11=C_algo20240523053829; 31=0; 150=4; 39=4; 54=1; 17=exec20240523053829; 32=0; 41=algo20240523053829; 38=7303; 60=2024-05-23-05:38:29; 6=0.0; 14=0; 37=algo20240523053829; 10=252;
8=FIX4.4; 35=8; 34=80; 49=MS; 56=M3; 52=2024-05-23-05:38:32; 151=10376; 55=AMGN; 11=C_algo20240523053831; 31=0; 150=4; 39=4; 54=2; 17=exec20240523053832; 32=0; 41=algo20240523053831; 38=20750; 60=2024-05-23-05:38:32; 6=0.0; 14=5187; 37=algo20240523053831; 10=252;
8=FIX4.4; 35=8; 34=85; 49=MS; 56=M3; 52=2024-05-23-05:38:35; 151=20067; 55=TSLA; 11=C_algo20240523053835; 31=0; 150=4; 39=4; 54=2; 17=exec20240523053835; 32=0; 41=algo20240523053835; 38=26755; 60=2024-05-23-05:38:35; 6=0.0; 14=0; 37=algo20240523053835; 10=252;
8=FIX4.4; 35=8; 34=88; 49=MS; 56=M3; 52=2024-05-23-05:38:37; 151=14315; 55=TXN; 11=C_algo20240523053837; 31=0; 150=4; 39=4; 54=2; 17=exec20240523053837; 32=0; 41=algo20240523053837; 38=21472; 60=2024-05-23-05:38:37; 6=0.0; 14=0; 37=algo20240523053837; 10=252;
8=FIX4.4; 35=8; 34=91; 49=MS; 56=M3; 52=2024-05-23-05:38:39; 151=11796; 55=AVGO; 11=C_algo20240523053839; 31=0; 150=4; 39=4; 54=1; 17=exec20240523053839; 32=0; 41=algo20240523053839; 38=15728; 60=2024-05-23-05:38:39; 6=0.0; 14=0; 37=algo20240523053839; 10=252;
8=FIX4.4; 35=8; 34=98; 49=MS; 56=M3; 52=2024-05-23-05:38:44; 151=1626; 55=SBUX; 11=C_algo20240523053842; 31=0; 150=4; 39=4; 54=2; 17=exec20240523053844; 32=0; 41=algo20240523053842; 38=6501; 60=2024-05-23-05:38:44; 6=0.0; 14=3250; 37=algo20240523053842; 10=252;
8=FIX4.4; 35=8; 34=104; 49=MS; 56=M3; 52=2024-05-23-05:38:48; 151=10261; 55=TMUS; 11=C_algo20240523053847; 31=0; 150=4; 39=4; 54=1; 17=exec20240523053848; 32=0; 41=algo20240523053847; 38=20521; 60=2024-05-23-05:38:48; 6=0.0; 14=5130; 37=algo20240523053847; 10=252;
8=FIX4.4; 35=8; 34=108; 49=MS; 56=M3; 52=2024-05-23-05:38:51; 151=7368; 55=MDLZ; 11=C_algo20240523053850; 31=0; 150=4; 39=4; 54=1; 17=exec20240523053851; 32=0; 41=algo20240523053850; 38=22104; 60=2024-05-23-05:38:51; 6=0.0; 14=7368; 37=algo20240523053850; 10=252;
8=FIX4.4; 35=8; 34=116; 49=MS; 56=M3; 52=2024-05-23-05:38:57; 151=2943; 55=DDD; 11=C_algo20240523053856; 31=0; 150=4; 39=4; 54=1; 17=exec20240523053857; 32=0; 41=algo20240523053856; 38=8827; 60=2024-05-23-05:38:57; 6=0.0; 14=2942; 37=algo20240523053856; 10=252;
8=FIX4.4; 35=8; 34=122; 49=MS; 56=M3; 52=2024-05-23-05:39:01; 151=18905; 55=WBAI; 11=C_algo20240523053901; 31=0; 150=4; 39=4; 54=2; 17=exec20240523053901; 32=0; 41=algo20240523053901; 38=28357; 60=2024-05-23-05:39:01; 6=0.0; 14=0; 37=algo20240523053901; 10=252;
8=FIX4.4; 35=8; 34=125; 49=MS; 56=M3; 52=2024-05-23-05:39:03; 151=14047; 55=WUBA; 11=C_algo20240523053903; 31=0; 150=4; 39=4; 54=2; 17=exec20240523053903; 32=0; 41=algo20240523053903; 38=28094; 60=2024-05-23-05:39:03; 6=0.0; 14=0; 37=algo20240523053903; 10=252;
8=FIX4.4; 35=8; 34=131; 49=MS; 56=M3; 52=2024-05-23-05:39:07; 151=20148; 55=AHC; 11=C_algo20240523053907; 31=0; 150=4; 39=4; 54=1; 17=exec20240523053907; 32=0; 41=algo20240523053907; 38=30222; 60=2024-05-23-05:39:07; 6=0.0; 14=0; 37=algo20240523053907; 10=252;
8=FIX4.4; 35=8; 34=139; 49=MS; 56=M3; 52=2024-05-23-05:39:13; 151=1366; 55=ATEN; 11=C_algo20240523053913; 31=0; 150=4; 39=4; 54=1; 17=exec20240523053913; 32=0; 41=algo20240523053913; 38=2732; 60=2024-05-23-05:39:13; 6=0.0; 14=0; 37=algo20240523053913; 10=252;
8=FIX4.4; 35=8; 34=142; 49=MS; 56=M3; 52=2024-05-23-05:39:15; 151=9985; 55=AIR; 11=C_algo20240523053915; 31=0; 150=4; 39=4; 54=1; 17=exec20240523053915; 32=0; 41=algo20240523053915; 38=19970; 60=2024-05-23-05:39:15; 6=0.0; 14=0; 37=algo20240523053915; 10=252;
8=FIX4.4; 35=8; 34=146; 49=MS; 56=M3; 52=2024-05-23-05:39:18; 151=5982; 55=AAN; 11=C_algo20240523053917; 31=0; 150=4; 39=4; 54=2; 17=exec20240523053918; 32=0; 41=algo20240523053917; 38=17946; 60=2024-05-23-05:39:18; 6=0.0; 14=5982; 37=algo20240523053917; 10=252;
8=FIX4.4; 35=8; 34=149; 49=MS; 56=M3; 52=2024-05-23-05:39:20; 151=12027; 55=ABB; 11=C_algo20240523053920; 31=0; 150=4; 39=4; 54=1; 17=exec20240523053920; 32=0; 41=algo20240523053920; 38=18040; 60=2024-05-23-05:39:20; 6=0.0; 14=0; 37=algo20240523053920; 10=252;
8=FIX4.4; 35=8; 34=160; 49=MS; 56=M3; 52=2024-05-23-05:39:28; 151=15503; 55=ANF; 11=C_algo20240523053928; 31=0; 150=4; 39=4; 54=1; 17=exec20240523053928; 32=0; 41=algo20240523053928; 38=23254; 60=2024-05-23-05:39:28; 6=0.0; 14=0; 37=algo20240523053928; 10=252;
8=FIX4.4; 35=8; 34=171; 49=MS; 56=M3; 52=2024-05-23-05:39:35; 151=21522; 55=; 11=C_algo20240523053935; 31=0; 150=4; 39=4; 54=2; 17=exec20240523053935; 32=0; 41=algo20240523053935; 38=32282; 60=2024-05-23-05:39:35; 6=0.0; 14=0; 37=algo20240523053935; 10=252;
8=FIX4.4; 35=8; 34=54; 49=MS; 56=M3; 52=2024-05-23-05:41:53; 151=6705; 55=AAPL; 11=C_algo20240523054152; 31=0; 150=4; 39=4; 54=1; 17=exec20240523054153; 32=0; 41=algo20240523054152; 38=13409; 60=2024-05-23-05:41:53; 6=0.0; 14=3352; 37=algo20240523054152; 10=252;
8=FIX4.4; 35=8; 34=59; 49=MS; 56=M3; 52=2024-05-23-05:41:57; 151=1236; 55=MSFT; 11=C_algo20240523054155; 31=0; 150=4; 39=4; 54=1; 17=exec20240523054157; 32=0; 41=algo20240523054155; 38=3084; 60=2024-05-23-05:41:57; 6=0.0; 14=1232; 37=algo20240523054155; 10=252;
8=FIX4.4; 35=8; 34=70; 49=MS; 56=M3; 52=2024-05-23-05:42:04; 151=2092; 55=GOOGL; 11=C_algo20240523054204; 31=0; 150=4; 39=4; 54=1; 17=exec20240523054204; 32=0; 41=algo20240523054204; 38=4183; 60=2024-05-23-05:42:04; 6=0.0; 14=0; 37=algo20240523054204; 10=252;
8=FIX4.4; 35=8; 34=75; 49=MS; 56=M3; 52=2024-05-23-05:42:07; 151=12588; 55=PEP; 11=C_algo20240523054207; 31=0; 150=4; 39=4; 54=1; 17=exec20240523054207; 32=0; 41=algo20240523054207; 38=16784; 60=2024-05-23-05:42:07; 6=0.0; 14=0; 37=algo20240523054207; 10=252;
8=FIX4.4; 35=8; 34=80; 49=MS; 56=M3; 52=2024-05-23-05:42:10; 151=23405; 55=CSCO; 11=C_algo20240523054210; 31=0; 150=4; 39=4; 54=1; 17=exec20240523054210; 32=0; 41=algo20240523054210; 38=29256; 60=2024-05-23-05:42:10; 6=0.0; 14=0; 37=algo20240523054210; 10=252;
8=FIX4.4; 35=8; 34=83; 49=MS; 56=M3; 52=2024-05-23-05:42:12; 151=15436; 55=AMGN; 11=C_algo20240523054212; 31=0; 150=4; 39=4; 54=1; 17=exec20240523054212; 32=0; 41=algo20240523054212; 38=23153; 60=2024-05-23-05:42:12; 6=0.0; 14=0; 37=algo20240523054212; 10=252;
8=FIX4.4; 35=8; 34=86; 49=MS; 56=M3; 52=2024-05-23-05:42:14; 151=4002; 55=PYPL; 11=C_algo20240523054214; 31=0; 150=4; 39=4; 54=1; 17=exec20240523054214; 32=0; 41=algo20240523054214; 38=5335; 60=2024-05-23-05:42:14; 6=0.0; 14=0; 37=algo20240523054214; 10=252;
8=FIX4.4; 35=8; 34=91; 49=MS; 56=M3; 52=2024-05-23-05:42:17; 151=9094; 55=TXN; 11=C_algo20240523054217; 31=0; 150=4; 39=4; 54=1; 17=exec20240523054217; 32=0; 41=algo20240523054217; 38=13641; 60=2024-05-23-05:42:17; 6=0.0; 14=0; 37=algo20240523054217; 10=252;
8=FIX4.4; 35=8; 34=103; 49=MS; 56=M3; 52=2024-05-23-05:42:25; 151=23843; 55=QCOM; 11=C_algo20240523054225; 31=0; 150=4; 39=4; 54=2; 17=exec20240523054225; 32=0; 41=algo20240523054225; 38=31790; 60=2024-05-23-05:42:25; 6=0.0; 14=0; 37=algo20240523054225; 10=252;
8=FIX4.4; 35=8; 34=106; 49=MS; 56=M3; 52=2024-05-23-05:42:27; 151=16883; 55=TMUS; 11=C_algo20240523054227; 31=0; 150=4; 39=4; 54=2; 17=exec20240523054227; 32=0; 41=algo20240523054227; 38=21103; 60=2024-05-23-05:42:27; 6=0.0; 14=0; 37=algo20240523054227; 10=252;
8=FIX4.4; 35=8; 34=109; 49=MS; 56=M3; 52=2024-05-23-05:42:29; 151=5679; 55=MDLZ; 11=C_algo20240523054229; 31=0; 150=4; 39=4; 54=1; 17=exec20240523054229; 32=0; 41=algo20240523054229; 38=11357; 60=2024-05-23-05:42:29; 6=0.0; 14=0; 37=algo20240523054229; 10=252;
8=FIX4.4; 35=8; 34=114; 49=MS; 56=M3; 52=2024-05-23-05:42:32; 151=9516; 55=DDD; 11=C_algo20240523054232; 31=0; 150=4; 39=4; 54=1; 17=exec20240523054232; 32=0; 41=algo20240523054232; 38=14274; 60=2024-05-23-05:42:32; 6=0.0; 14=0; 37=algo20240523054232; 10=252;
8=FIX4.4; 35=8; 34=117; 49=MS; 56=M3; 52=2024-05-23-05:42:34; 151=13097; 55=MMM; 11=C_algo20240523054234; 31=0; 150=4; 39=4; 54=2; 17=exec20240523054234; 32=0; 41=algo20240523054234; 38=26194; 60=2024-05-23-05:42:34; 6=0.0; 14=0; 37=algo20240523054234; 10=252;
8=FIX4.4; 35=8; 34=120; 49=MS; 56=M3; 52=2024-05-23-05:42:36; 151=13031; 55=WBAI; 11=C_algo20240523054236; 31=0; 150=4; 39=4; 54=2; 17=exec20240523054236; 32=0; 41=algo20240523054236; 38=19546; 60=2024-05-23-05:42:36; 6=0.0; 14=0; 37=algo20240523054236; 10=252;
8=FIX4.4; 35=8; 34=123; 49=MS; 56=M3; 52=2024-05-23-05:42:38; 151=21848; 55=WUBA; 11=C_algo20240523054238; 31=0; 150=4; 39=4; 54=1; 17=exec20240523054238; 32=0; 41=algo20240523054238; 38=32771; 60=2024-05-23-05:42:38; 6=0.0; 14=0; 37=algo20240523054238; 10=252;
8=FIX4.4; 35=8; 34=126; 49=MS; 56=M3; 52=2024-05-23-05:42:41; 151=8424; 55=EGHT; 11=C_algo20240523054240; 31=0; 150=4; 39=4; 54=2; 17=exec20240523054240; 32=0; 41=algo20240523054240; 38=16847; 60=2024-05-23-05:42:41; 6=0.0; 14=0; 37=algo20240523054240; 10=252;
8=FIX4.4; 35=8; 34=129; 49=MS; 56=M3; 52=2024-05-23-05:42:43; 151=934; 55=AHC; 11=C_algo20240523054243; 31=0; 150=4; 39=4; 54=1; 17=exec20240523054243; 32=0; 41=algo20240523054243; 38=1868; 60=2024-05-23-05:42:43; 6=0.0; 14=0; 37=algo20240523054243; 10=252;
8=FIX4.4; 35=8; 34=133; 49=MS; 56=M3; 52=2024-05-23-05:42:46; 151=10031; 55=AOS; 11=C_algo20240523054245; 31=0; 150=4; 39=4; 54=1; 17=exec20240523054246; 32=0; 41=algo20240523054245; 38=20061; 60=2024-05-23-05:42:46; 6=0.0; 14=5015; 37=algo20240523054245; 10=252;
8=FIX4.4; 35=8; 34=145; 49=MS; 56=M3; 52=2024-05-23-05:42:55; 151=4405; 55=AAN; 11=C_algo20240523054254; 31=0; 150=4; 39=4; 54=1; 17=exec20240523054255; 32=0; 41=algo20240523054254; 38=13213; 60=2024-05-23-05:42:55; 6=0.0; 14=4404; 37=algo20240523054254; 10=252;
8=FIX4.4; 35=8; 34=150; 49=MS; 56=M3; 52=2024-05-23-05:42:58; 151=13831; 55=ABT; 11=C_algo20240523054258; 31=0; 150=4; 39=4; 54=1; 17=exec20240523054258; 32=0; 41=algo20240523054258; 38=27662; 60=2024-05-23-05:42:58; 6=0.0; 14=0; 37=algo20240523054258; 10=252;
8=FIX4.4; 35=8; 34=153; 49=MS; 56=M3; 52=2024-05-23-05:43:00; 151=11820; 55=ABBV; 11=C_algo20240523054300; 31=0; 150=4; 39=4; 54=1; 17=exec20240523054300; 32=0; 41=algo20240523054300; 38=17730; 60=2024-05-23-05:43:00; 6=0.0; 14=0; 37=algo20240523054300; 10=252;
8=FIX4.4; 35=8; 34=157; 49=MS; 56=M3; 52=2024-05-23-05:43:03; 151=9788; 55=ANF; 11=C_algo20240523054302; 31=0; 150=4; 39=4; 54=2; 17=exec20240523054303; 32=0; 41=algo20240523054302; 38=29362; 60=2024-05-23-05:43:03; 6=0.0; 14=9787; 37=algo20240523054302; 10=252;
8=FIX4.4; 35=8; 34=161; 49=MS; 56=M3; 52=2024-05-23-05:43:06; 151=1178; 55=ABM; 11=C_algo20240523054305; 31=0; 150=4; 39=4; 54=1; 17=exec20240523054306; 32=0; 41=algo20240523054305; 38=1962; 60=2024-05-23-05:43:06; 6=0.0; 14=392; 37=algo20240523054305; 10=252;
8=FIX4.4; 35=8; 34=165; 49=MS; 56=M3; 52=2024-05-23-05:43:09; 151=12245; 55=AAPL; 11=C_algo20240523054308; 31=0; 150=4; 39=4; 54=1; 17=exec20240523054309; 32=0; 41=algo20240523054308; 38=20407; 60=2024-05-23-05:43:09; 6=0.0; 14=4081; 37=algo20240523054308; 10=252;
8=FIX4.4; 35=8; 34=168; 49=MS; 56=M3; 52=2024-05-23-05:43:11; 151=502; 55=PEP; 11=C_algo20240523054311; 31=0; 150=4; 39=4; 54=2; 17=exec20240523054311; 32=0; 41=algo20240523054311; 38=669; 60=2024-05-23-05:43:11; 6=0.0; 14=0; 37=algo20240523054311; 10=252;
