8=FIX4.4; 35=A; 34=1; 49=MTHREE; 56=MS; 52=2024-05-23-05:36:34; 108=30; 10=0015;
8=FIX4.4; 35=A; 34=1; 49=MS; 56=MTHREE; 52=2024-05-23-05:36:34; 108=30; 10=0016;
8=FIX4.4; 35=0; 34=2; 49=MTHREE; 56=MS; 52=2024-05-23-05:36:34; 108=30; 10=0015;
8=FIX4.4; 35=0; 34=2; 49=MS; 56=MTHREE; 52=2024-05-23-05:36:34; 108=30; 10=0015;
8=FIX4.4; 35=0; 34=3; 49=MTHREE; 56=MS; 52=2024-05-23-05:36:36; 108=30; 10=0015;
8=FIX4.4; 35=0; 34=3; 49=MS; 56=MTHREE; 52=2024-05-23-05:36:36; 108=30; 10=0015;
8=FIX4.4; 35=0; 34=4; 49=MTHREE; 56=MS; 52=2024-05-23-05:36:38; 108=30; 10=0015;
8=FIX4.4; 35=0; 34=4; 49=MS; 56=MTHREE; 52=2024-05-23-05:36:38; 108=30; 10=0015;
8=FIX4.4; 35=0; 34=5; 49=MTHREE; 56=MS; 52=2024-05-23-05:36:40; 108=30; 10=0015;
8=FIX4.4; 35=0; 34=5; 49=MS; 56=MTHREE; 52=2024-05-23-05:36:40; 108=30; 10=0015;
8=FIX4.4; 35=0; 34=6; 49=MTHREE; 56=MS; 52=2024-05-23-05:36:42; 108=30; 10=0015;
8=FIX4.4; 35=0; 34=6; 49=MS; 56=MTHREE; 52=2024-05-23-05:36:42; 108=30; 10=0015;
8=FIX4.4; 35=0; 34=7; 49=MTHREE; 56=MS; 52=2024-05-23-05:36:44; 108=30; 10=0015;
8=FIX4.4; 35=0; 34=7; 49=MS; 56=MTHREE; 52=2024-05-23-05:36:44; 108=30; 10=0015;
8=FIX4.4; 35=0; 34=8; 49=MTHREE; 56=MS; 52=2024-05-23-05:36:46; 108=30; 10=0015;
8=FIX4.4; 35=0; 34=8; 49=MS; 56=MTHREE; 52=2024-05-23-05:36:46; 108=30; 10=0015;
8=FIX4.4; 35=0; 34=9; 49=MTHREE; 56=MS; 52=2024-05-23-05:36:48; 108=30; 10=0015;
8=FIX4.4; 35=0; 34=9; 49=MS; 56=MTHREE; 52=2024-05-23-05:36:48; 108=30; 10=0015;
8=FIX4.4; 35=0; 34=10; 49=MTHREE; 56=MS; 52=2024-05-23-05:36:50; 108=30; 10=0015;
8=FIX4.4; 35=0; 34=10; 49=MS; 56=MTHREE; 52=2024-05-23-05:36:50; 108=30; 10=0015;
8=FIX4.4; 35=0; 34=11; 49=MTHREE; 56=MS; 52=2024-05-23-05:36:52; 108=30; 10=0015;
8=FIX4.4; 35=0; 34=11; 49=MS; 56=MTHREE; 52=2024-05-23-05:36:52; 108=30; 10=0015;
8=FIX4.4; 35=0; 34=12; 49=MTHREE; 56=MS; 52=2024-05-23-05:36:54; 108=30; 10=0015;
8=FIX4.4; 35=0; 34=12; 49=MS; 56=MTHREE; 52=2024-05-23-05:36:54; 108=30; 10=0015;
8=FIX4.4; 35=0; 34=13; 49=MTHREE; 56=MS; 52=2024-05-23-05:36:56; 108=30; 10=0015;
8=FIX4.4; 35=0; 34=13; 49=MS; 56=MTHREE; 52=2024-05-23-05:36:56; 108=30; 10=0015;
8=FIX4.4; 35=0; 34=14; 49=MTHREE; 56=MS; 52=2024-05-23-05:36:58; 108=30; 10=0015;
8=FIX4.4; 35=0; 34=14; 49=MS; 56=MTHREE; 52=2024-05-23-05:36:58; 108=30; 10=0015;
8=FIX4.4; 35=0; 34=15; 49=MTHREE; 56=MS; 52=2024-05-23-05:37:00; 108=30; 10=0015;
8=FIX4.4; 35=0; 34=15; 49=MS; 56=MTHREE; 52=2024-05-23-05:37:00; 108=30; 10=0015;
8=FIX4.4; 35=0; 34=16; 49=MTHREE; 56=MS; 52=2024-05-23-05:37:02; 108=30; 10=0015;
8=FIX4.4; 35=0; 34=16; 49=MS; 56=MTHREE; 52=2024-05-23-05:37:02; 108=30; 10=0015;
8=FIX4.4; 35=0; 34=17; 49=MTHREE; 56=MS; 52=2024-05-23-05:37:04; 108=30; 10=0015;
8=FIX4.4; 35=0; 34=17; 49=MS; 56=MTHREE; 52=2024-05-23-05:37:04; 108=30; 10=0015;
8=FIX4.4; 35=0; 34=18; 49=MTHREE; 56=MS; 52=2024-05-23-05:37:06; 108=30; 10=0015;
8=FIX4.4; 35=0; 34=18; 49=MS; 56=MTHREE; 52=2024-05-23-05:37:06; 108=30; 10=0015;
8=FIX4.4; 35=0; 34=19; 49=MTHREE; 56=MS; 52=2024-05-23-05:37:08; 108=30; 10=0015;
8=FIX4.4; 35=0; 34=19; 49=MS; 56=MTHREE; 52=2024-05-23-05:37:08; 108=30; 10=0015;
8=FIX4.4; 35=0; 34=20; 49=MTHREE; 56=MS; 52=2024-05-23-05:37:10; 108=30; 10=0015;
8=FIX4.4; 35=0; 34=20; 49=MS; 56=MTHREE; 52=2024-05-23-05:37:10; 108=30; 10=0015;
8=FIX4.4; 35=0; 34=21; 49=MTHREE; 56=MS; 52=2024-05-23-05:37:12; 108=30; 10=0015;
8=FIX4.4; 35=0; 34=21; 49=MS; 56=MTHREE; 52=2024-05-23-05:37:12; 108=30; 10=0015;
8=FIX4.4; 35=0; 34=22; 49=MTHREE; 56=MS; 52=2024-05-23-05:37:14; 108=30; 10=0015;
8=FIX4.4; 35=0; 34=22; 49=MS; 56=MTHREE; 52=2024-05-23-05:37:14; 108=30; 10=0015;
8=FIX4.4; 35=0; 34=23; 49=MTHREE; 56=MS; 52=2024-05-23-05:37:16; 108=30; 10=0015;
8=FIX4.4; 35=0; 34=23; 49=MS; 56=MTHREE; 52=2024-05-23-05:37:16; 108=30; 10=0015;
8=FIX4.4; 35=0; 34=24; 49=MTHREE; 56=MS; 52=2024-05-23-05:37:18; 108=30; 10=0015;
8=FIX4.4; 35=0; 34=24; 49=MS; 56=MTHREE; 52=2024-05-23-05:37:18; 108=30; 10=0015;
8=FIX4.4; 35=0; 34=25; 49=MTHREE; 56=MS; 52=2024-05-23-05:37:20; 108=30; 10=0015;
8=FIX4.4; 35=0; 34=25; 49=MS; 56=MTHREE; 52=2024-05-23-05:37:20; 108=30; 10=0015;
8=FIX4.4; 35=0; 34=26; 49=MTHREE; 56=MS; 52=2024-05-23-05:37:23; 108=30; 10=0015;
8=FIX4.4; 35=0; 34=26; 49=MS; 56=MTHREE; 52=2024-05-23-05:37:23; 108=30; 10=0015;
8=FIX4.4; 35=0; 34=27; 49=MTHREE; 56=MS; 52=2024-05-23-05:37:25; 108=30; 10=0015;
8=FIX4.4; 35=0; 34=27; 49=MS; 56=MTHREE; 52=2024-05-23-05:37:25; 108=30; 10=0015;
8=FIX4.4; 35=0; 34=28; 49=MTHREE; 56=MS; 52=2024-05-23-05:37:27; 108=30; 10=0015;
8=FIX4.4; 35=0; 34=28; 49=MS; 56=MTHREE; 52=2024-05-23-05:37:27; 108=30; 10=0015;
8=FIX4.4; 35=0; 34=29; 49=MTHREE; 56=MS; 52=2024-05-23-05:37:29; 108=30; 10=0015;
8=FIX4.4; 35=0; 34=29; 49=MS; 56=MTHREE; 52=2024-05-23-05:37:29; 108=30; 10=0015;
8=FIX4.4; 35=0; 34=30; 49=MTHREE; 56=MS; 52=2024-05-23-05:37:31; 108=30; 10=0015;
8=FIX4.4; 35=0; 34=30; 49=MS; 56=MTHREE; 52=2024-05-23-05:37:31; 108=30; 10=0015;
8=FIX4.4; 35=0; 34=31; 49=MTHREE; 56=MS; 52=2024-05-23-05:37:33; 108=30; 10=0015;
8=FIX4.4; 35=0; 34=31; 49=MS; 56=MTHREE; 52=2024-05-23-05:37:33; 108=30; 10=0015;
8=FIX4.4; 35=0; 34=32; 49=MTHREE; 56=MS; 52=2024-05-23-05:37:35; 108=30; 10=0015;
8=FIX4.4; 35=0; 34=32; 49=MS; 56=MTHREE; 52=2024-05-23-05:37:35; 108=30; 10=0015;
8=FIX4.4; 35=0; 34=33; 49=MTHREE; 56=MS; 52=2024-05-23-05:37:37; 108=30; 10=0015;
8=FIX4.4; 35=0; 34=33; 49=MS; 56=MTHREE; 52=2024-05-23-05:37:37; 108=30; 10=0015;
8=FIX4.4; 35=0; 34=34; 49=MTHREE; 56=MS; 52=2024-05-23-05:37:39; 108=30; 10=0015;
8=FIX4.4; 35=0; 34=34; 49=MS; 56=MTHREE; 52=2024-05-23-05:37:39; 108=30; 10=0015;
8=FIX4.4; 35=0; 34=35; 49=MTHREE; 56=MS; 52=2024-05-23-05:37:41; 108=30; 10=0015;
8=FIX4.4; 35=0; 34=35; 49=MS; 56=MTHREE; 52=2024-05-23-05:37:41; 108=30; 10=0015;
8=FIX4.4; 35=0; 34=36; 49=MTHREE; 56=MS; 52=2024-05-23-05:37:43; 108=30; 10=0015;
8=FIX4.4; 35=0; 34=36; 49=MS; 56=MTHREE; 52=2024-05-23-05:37:43; 108=30; 10=0015;
8=FIX4.4; 35=0; 34=37; 49=MTHREE; 56=MS; 52=2024-05-23-05:37:45; 108=30; 10=0015;
8=FIX4.4; 35=0; 34=37; 49=MS; 56=MTHREE; 52=2024-05-23-05:37:45; 108=30; 10=0015;
8=FIX4.4; 35=0; 34=38; 49=MTHREE; 56=MS; 52=2024-05-23-05:37:47; 108=30; 10=0015;
8=FIX4.4; 35=0; 34=38; 49=MS; 56=MTHREE; 52=2024-05-23-05:37:47; 108=30; 10=0015;
8=FIX4.4; 35=0; 34=39; 49=MTHREE; 56=MS; 52=2024-05-23-05:37:49; 108=30; 10=0015;
8=FIX4.4; 35=0; 34=39; 49=MS; 56=MTHREE; 52=2024-05-23-05:37:49; 108=30; 10=0015;
8=FIX4.4; 35=0; 34=40; 49=MTHREE; 56=MS; 52=2024-05-23-05:37:51; 108=30; 10=0015;
8=FIX4.4; 35=0; 34=40; 49=MS; 56=MTHREE; 52=2024-05-23-05:37:51; 108=30; 10=0015;
8=FIX4.4; 35=0; 34=41; 49=MTHREE; 56=MS; 52=2024-05-23-05:37:53; 108=30; 10=0015;
8=FIX4.4; 35=0; 34=41; 49=MS; 56=MTHREE; 52=2024-05-23-05:37:53; 108=30; 10=0015;
8=FIX4.4; 35=0; 34=42; 49=MTHREE; 56=MS; 52=2024-05-23-05:37:55; 108=30; 10=0015;
8=FIX4.4; 35=0; 34=42; 49=MS; 56=MTHREE; 52=2024-05-23-05:37:55; 108=30; 10=0015;
8=FIX4.4; 35=0; 34=43; 49=MTHREE; 56=MS; 52=2024-05-23-05:37:57; 108=30; 10=0015;
8=FIX4.4; 35=0; 34=43; 49=MS; 56=MTHREE; 52=2024-05-23-05:37:57; 108=30; 10=0015;
8=FIX4.4; 35=0; 34=44; 49=MTHREE; 56=MS; 52=2024-05-23-05:37:59; 108=30; 10=0015;
8=FIX4.4; 35=0; 34=44; 49=MS; 56=MTHREE; 52=2024-05-23-05:37:59; 108=30; 10=0015;
8=FIX4.4; 35=0; 34=45; 49=MTHREE; 56=MS; 52=2024-05-23-05:38:01; 108=30; 10=0015;
8=FIX4.4; 35=0; 34=45; 49=MS; 56=MTHREE; 52=2024-05-23-05:38:01; 108=30; 10=0015;
8=FIX4.4; 35=0; 34=46; 49=MTHREE; 56=MS; 52=2024-05-23-05:38:03; 108=30; 10=0015;
8=FIX4.4; 35=0; 34=46; 49=MS; 56=MTHREE; 52=2024-05-23-05:38:03; 108=30; 10=0015;
8=FIX4.4; 35=0; 34=47; 49=MTHREE; 56=MS; 52=2024-05-23-05:38:05; 108=30; 10=0015;
8=FIX4.4; 35=0; 34=47; 49=MS; 56=MTHREE; 52=2024-05-23-05:38:05; 108=30; 10=0015;
8=FIX4.4; 35=0; 34=48; 49=MTHREE; 56=MS; 52=2024-05-23-05:38:07; 108=30; 10=0015;
8=FIX4.4; 35=0; 34=48; 49=MS; 56=MTHREE; 52=2024-05-23-05:38:07; 108=30; 10=0015;
8=FIX4.4; 35=0; 34=49; 49=MTHREE; 56=MS; 52=2024-05-23-05:38:09; 108=30; 10=0015;
8=FIX4.4; 35=0; 34=49; 49=MS; 56=MTHREE; 52=2024-05-23-05:38:09; 108=30; 10=0015;
8=FIX4.4; 35=0; 34=50; 49=MTHREE; 56=MS; 52=2024-05-23-05:38:11; 108=30; 10=0015;
8=FIX4.4; 35=0; 34=50; 49=MS; 56=MTHREE; 52=2024-05-23-05:38:11; 108=30; 10=0015;
8=FIX4.4; 35=0; 34=51; 49=MTHREE; 56=MS; 52=2024-05-23-05:38:13; 108=30; 10=0015;
8=FIX4.4; 35=0; 34=51; 49=MS; 56=MTHREE; 52=2024-05-23-05:38:13; 108=30; 10=0015;
8=FIX4.4; 35=D; 34=52; 49=MTHREE; 56=MS; 52=2024-05-23-05:38:15; 55=AAPL; 40=2; 38=5898; 21=2; 11=algo20240523053815; 60=2024-05-23-05:38:15; 54=2; 44=1276.37; 10=0252;
8=FIX4.4; 35=8; 34=52; 49=MS; 56=MTHREE; 52=2024-05-23-05:38:15; 55=AAPL; 40=2; 11=algo20240523053815; 31=1276.37; 150=0; 39=0; 54=2; 44=1276.37; 32=0; 17=exec20240523053815; 38=5898; 60=2024-05-23-05:38:15; 6=0; 14=0; 37=algo20240523053815; 10=200;
8=FIX4.4; 35=8; 34=53; 49=MS; 56=MTHREE; 52=2024-05-23-05:38:15; 55=AAPL; 40=2; 11=algo20240523053815; 31=1276.37; 150=1; 39=1; 54=2; 44=1276.37; 32=1179; 17=exec20240523053815; 38=5898; 60=2024-05-23-05:38:15; 6=1276.37; 14=1179; 37=algo20240523053815; 10=240;
8=FIX4.4; 35=F; 34=52; 49=MTHREE; 56=MS; 52=2024-05-23-05:38:16; 41=algo20240523053815; 55=AAPL; 38=5898; 11=C_algo20240523053815; 60=2024-05-23-05:38:16; 10=060;
8=FIX4.4; 35=8; 34=53; 49=MS; 56=MTHREE; 52=2024-05-23-05:38:16; 55=AAPL; 11=C_algo20240523053815; 31=0; 150=6; 39=6; 54=2; 44=1276.37; 17=exec20240523053816; 32=0; 41=algo20240523053815; 38=5898; 60=2024-05-23-05:38:16; 6=0.0; 14=1179; 37=algo20240523053815; 10=252;
8=FIX4.4; 35=8; 34=54; 49=MS; 56=MTHREE; 52=2024-05-23-05:38:16; 151=3540; 55=AAPL; 11=C_algo20240523053815; 31=0; 150=4; 39=4; 54=2; 17=exec20240523053816; 32=0; 41=algo20240523053815; 38=5898; 60=2024-05-23-05:38:16; 6=0.0; 14=1179; 37=algo20240523053815; 10=252;
8=FIX4.4; 35=D; 34=54; 49=MTHREE; 56=MS; 52=2024-05-23-05:38:18; 55=MSFT; 40=2; 38=23801; 21=2; 11=algo20240523053818; 60=2024-05-23-05:38:18; 54=1; 44=59.89; 10=0252;
8=FIX4.4; 35=8; 34=56; 49=MS; 56=MTHREE; 52=2024-05-23-05:38:18; 55=MSFT; 40=2; 11=algo20240523053818; 31=59.89; 150=0; 39=0; 54=1; 44=59.89; 32=0; 17=exec20240523053818; 38=23801; 60=2024-05-23-05:38:18; 6=0; 14=0; 37=algo20240523053818; 10=200;
8=FIX4.4; 35=8; 34=57; 49=MS; 56=MTHREE; 52=2024-05-23-05:38:19; 55=MSFT; 40=2; 11=algo20240523053818; 31=59.89; 150=2; 39=2; 54=1; 44=59.89; 32=23801; 17=exec20240523053819; 38=23801; 60=2024-05-23-05:38:19; 6=59.89; 14=23801; 37=algo20240523053818; 10=246;
8=FIX4.4; 35=D; 34=55; 49=MTHREE; 56=MS; 52=2024-05-23-05:38:19; 55=AMZN; 40=2; 38=3775; 21=2; 11=algo20240523053819; 60=2024-05-23-05:38:19; 54=1; 44=133.47; 10=0252;
8=FIX4.4; 35=8; 34=58; 49=MS; 56=MTHREE; 52=2024-05-23-05:38:19; 55=AMZN; 40=2; 11=algo20240523053819; 31=133.47; 150=0; 39=0; 54=1; 44=133.47; 32=0; 17=exec20240523053819; 38=3775; 60=2024-05-23-05:38:19; 6=0; 14=0; 37=algo20240523053819; 10=200;
8=FIX4.4; 35=F; 34=55; 49=MTHREE; 56=MS; 52=2024-05-23-05:38:19; 41=algo20240523053819; 55=AMZN; 38=3775; 11=C_algo20240523053819; 60=2024-05-23-05:38:19; 10=060;
8=FIX4.4; 35=8; 34=58; 49=MS; 56=MTHREE; 52=2024-05-23-05:38:19; 55=AMZN; 11=C_algo20240523053819; 31=0; 150=6; 39=6; 54=1; 44=133.47; 17=exec20240523053819; 32=0; 41=algo20240523053819; 38=3775; 60=2024-05-23-05:38:19; 6=0.0; 14=0; 37=algo20240523053819; 10=252;
8=FIX4.4; 35=8; 34=59; 49=MS; 56=MTHREE; 52=2024-05-23-05:38:19; 151=2832; 55=AMZN; 11=C_algo20240523053819; 31=0; 150=4; 39=4; 54=1; 17=exec20240523053819; 32=0; 41=algo20240523053819; 38=3775; 60=2024-05-23-05:38:19; 6=0.0; 14=0; 37=algo20240523053819; 10=252;
8=FIX4.4; 35=D; 34=57; 49=MTHREE; 56=MS; 52=2024-05-23-05:38:21; 55=FB; 40=2; 38=25075; 21=2; 11=algo20240523053821; 60=2024-05-23-05:38:21; 54=1; 44=430.62; 10=0252;
8=FIX4.4; 35=8; 34=61; 49=MS; 56=MTHREE; 52=2024-05-23-05:38:21; 55=FB; 40=2; 11=algo20240523053821; 31=430.62; 150=0; 39=0; 54=1; 44=430.62; 32=0; 17=exec20240523053821; 38=25075; 60=2024-05-23-05:38:21; 6=0; 14=0; 37=algo20240523053821; 10=200;
8=FIX4.4; 35=F; 34=57; 49=MTHREE; 56=MS; 52=2024-05-23-05:38:21; 41=algo20240523053821; 55=FB; 38=25075; 11=C_algo20240523053821; 60=2024-05-23-05:38:21; 10=060;
8=FIX4.4; 35=8; 34=61; 49=MS; 56=MTHREE; 52=2024-05-23-05:38:21; 55=FB; 11=C_algo20240523053821; 31=0; 150=6; 39=6; 54=1; 44=430.62; 17=exec20240523053821; 32=0; 41=algo20240523053821; 38=25075; 60=2024-05-23-05:38:21; 6=0.0; 14=0; 37=algo20240523053821; 10=252;
8=FIX4.4; 35=8; 34=62; 49=MS; 56=MTHREE; 52=2024-05-23-05:38:21; 151=16717; 55=FB; 11=C_algo20240523053821; 31=0; 150=4; 39=4; 54=1; 17=exec20240523053821; 32=0; 41=algo20240523053821; 38=25075; 60=2024-05-23-05:38:21; 6=0.0; 14=0; 37=algo20240523053821; 10=252;
8=FIX4.4; 35=D; 34=59; 49=MTHREE; 56=MS; 52=2024-05-23-05:38:23; 55=GOOG; 40=2; 38=5835; 21=2; 11=algo20240523053823; 60=2024-05-23-05:38:23; 54=2; 44=42.05; 10=0252;
8=FIX4.4; 35=8; 34=64; 49=MS; 56=MTHREE; 52=2024-05-23-05:38:23; 55=GOOG; 40=2; 11=algo20240523053823; 31=42.05; 150=0; 39=0; 54=2; 44=42.05; 32=0; 17=exec20240523053823; 38=5835; 60=2024-05-23-05:38:23; 6=0; 14=0; 37=algo20240523053823; 10=200;
8=FIX4.4; 35=8; 34=65; 49=MS; 56=MTHREE; 52=2024-05-23-05:38:24; 55=GOOG; 40=2; 11=algo20240523053823; 31=42.05; 150=2; 39=2; 54=2; 44=42.05; 32=5835; 17=exec20240523053824; 38=5835; 60=2024-05-23-05:38:24; 6=42.05; 14=5835; 37=algo20240523053823; 10=246;
8=FIX4.4; 35=D; 34=60; 49=MTHREE; 56=MS; 52=2024-05-23-05:38:24; 55=GOOGL; 40=2; 38=12294; 21=2; 11=algo20240523053824; 60=2024-05-23-05:38:24; 54=1; 44=289.20; 10=0252;
8=FIX4.4; 35=8; 34=66; 49=MS; 56=MTHREE; 52=2024-05-23-05:38:24; 55=GOOGL; 40=2; 11=algo20240523053824; 31=289.20; 150=0; 39=0; 54=1; 44=289.20; 32=0; 17=exec20240523053824; 38=12294; 60=2024-05-23-05:38:24; 6=0; 14=0; 37=algo20240523053824; 10=200;
8=FIX4.4; 35=8; 34=67; 49=MS; 56=MTHREE; 52=2024-05-23-05:38:25; 55=GOOGL; 40=2; 11=algo20240523053824; 31=289.20; 150=2; 39=2; 54=1; 44=289.20; 32=12294; 17=exec20240523053825; 38=12294; 60=2024-05-23-05:38:25; 6=289.20; 14=12294; 37=algo20240523053824; 10=246;
8=FIX4.4; 35=D; 34=61; 49=MTHREE; 56=MS; 52=2024-05-23-05:38:25; 55=INTC; 40=2; 38=13107; 21=2; 11=algo20240523053825; 60=2024-05-23-05:38:25; 54=2; 44=339.13; 10=0252;
8=FIX4.4; 35=8; 34=68; 49=MS; 56=MTHREE; 52=2024-05-23-05:38:25; 55=INTC; 40=2; 11=algo20240523053825; 31=339.13; 150=0; 39=0; 54=2; 44=339.13; 32=0; 17=exec20240523053825; 38=13107; 60=2024-05-23-05:38:25; 6=0; 14=0; 37=algo20240523053825; 10=200;
8=FIX4.4; 35=8; 34=69; 49=MS; 56=MTHREE; 52=2024-05-23-05:38:25; 55=INTC; 40=2; 11=algo20240523053825; 31=339.13; 150=1; 39=1; 54=2; 44=339.13; 32=6553; 17=exec20240523053825; 38=13107; 60=2024-05-23-05:38:25; 6=339.13; 14=6553; 37=algo20240523053825; 10=240;
8=FIX4.4; 35=8; 34=70; 49=MS; 56=MTHREE; 52=2024-05-23-05:38:27; 55=INTC; 40=2; 11=algo20240523053825; 31=339.13; 150=2; 39=2; 54=2; 44=339.13; 32=6554; 17=exec20240523053827; 38=13107; 60=2024-05-23-05:38:27; 6=339.13; 14=13107; 37=algo20240523053825; 10=246;
8=FIX4.4; 35=D; 34=62; 49=MTHREE; 56=MS; 52=2024-05-23-05:38:27; 55=PEP; 40=2; 38=3610; 21=2; 11=algo20240523053827; 60=2024-05-23-05:38:27; 54=2; 44=36.21; 10=0252;
8=FIX4.4; 35=8; 34=71; 49=MS; 56=MTHREE; 52=2024-05-23-05:38:27; 55=PEP; 40=2; 11=algo20240523053827; 31=36.21; 150=0; 39=0; 54=2; 44=36.21; 32=0; 17=exec20240523053827; 38=3610; 60=2024-05-23-05:38:27; 6=0; 14=0; 37=algo20240523053827; 10=200;
8=FIX4.4; 35=8; 34=72; 49=MS; 56=MTHREE; 52=2024-05-23-05:38:28; 55=PEP; 40=2; 11=algo20240523053827; 31=36.21; 150=2; 39=2; 54=2; 44=36.21; 32=3610; 17=exec20240523053828; 38=3610; 60=2024-05-23-05:38:28; 6=36.21; 14=3610; 37=algo20240523053827; 10=246;
8=FIX4.4; 35=D; 34=63; 49=MTHREE; 56=MS; 52=2024-05-23-05:38:28; 55=NFLX; 40=2; 38=9076; 21=2; 11=algo20240523053828; 60=2024-05-23-05:38:28; 54=2; 44=306.71; 10=0252;
8=FIX4.4; 35=8; 34=73; 49=MS; 56=MTHREE; 52=2024-05-23-05:38:28; 55=NFLX; 40=2; 11=algo20240523053828; 31=306.71; 150=0; 39=0; 54=2; 44=306.71; 32=0; 17=exec20240523053828; 38=9076; 60=2024-05-23-05:38:28; 6=0; 14=0; 37=algo20240523053828; 10=200;
8=FIX4.4; 35=8; 34=74; 49=MS; 56=MTHREE; 52=2024-05-23-05:38:29; 55=NFLX; 40=2; 11=algo20240523053828; 31=306.71; 150=2; 39=2; 54=2; 44=306.71; 32=9076; 17=exec20240523053829; 38=9076; 60=2024-05-23-05:38:29; 6=306.71; 14=9076; 37=algo20240523053828; 10=246;
8=FIX4.4; 35=D; 34=64; 49=MTHREE; 56=MS; 52=2024-05-23-05:38:29; 55=CSCO; 40=2; 38=7303; 21=2; 11=algo20240523053829; 60=2024-05-23-05:38:29; 54=1; 44=233.73; 10=0252;
8=FIX4.4; 35=8; 34=75; 49=MS; 56=MTHREE; 52=2024-05-23-05:38:29; 55=CSCO; 40=2; 11=algo20240523053829; 31=233.73; 150=0; 39=0; 54=1; 44=233.73; 32=0; 17=exec20240523053829; 38=7303; 60=2024-05-23-05:38:29; 6=0; 14=0; 37=algo20240523053829; 10=200;
8=FIX4.4; 35=F; 34=64; 49=MTHREE; 56=MS; 52=2024-05-23-05:38:29; 41=algo20240523053829; 55=CSCO; 38=7303; 11=C_algo20240523053829; 60=2024-05-23-05:38:29; 10=060;
8=FIX4.4; 35=8; 34=75; 49=MS; 56=MTHREE; 52=2024-05-23-05:38:29; 55=CSCO; 11=C_algo20240523053829; 31=0; 150=6; 39=6; 54=1; 44=233.73; 17=exec20240523053829; 32=0; 41=algo20240523053829; 38=7303; 60=2024-05-23-05:38:29; 6=0.0; 14=0; 37=algo20240523053829; 10=252;
8=FIX4.4; 35=8; 34=76; 49=MS; 56=MTHREE; 52=2024-05-23-05:38:29; 151=4869; 55=CSCO; 11=C_algo20240523053829; 31=0; 150=4; 39=4; 54=1; 17=exec20240523053829; 32=0; 41=algo20240523053829; 38=7303; 60=2024-05-23-05:38:29; 6=0.0; 14=0; 37=algo20240523053829; 10=252;
8=FIX4.4; 35=D; 34=66; 49=MTHREE; 56=MS; 52=2024-05-23-05:38:31; 55=AMGN; 40=2; 38=20750; 21=2; 11=algo20240523053831; 60=2024-05-23-05:38:31; 54=2; 44=116.62; 10=0252;
8=FIX4.4; 35=8; 34=78; 49=MS; 56=MTHREE; 52=2024-05-23-05:38:31; 55=AMGN; 40=2; 11=algo20240523053831; 31=116.62; 150=0; 39=0; 54=2; 44=116.62; 32=0; 17=exec20240523053831; 38=20750; 60=2024-05-23-05:38:31; 6=0; 14=0; 37=algo20240523053831; 10=200;
8=FIX4.4; 35=8; 34=79; 49=MS; 56=MTHREE; 52=2024-05-23-05:38:31; 55=AMGN; 40=2; 11=algo20240523053831; 31=116.62; 150=1; 39=1; 54=2; 44=116.62; 32=5187; 17=exec20240523053831; 38=20750; 60=2024-05-23-05:38:31; 6=116.62; 14=5187; 37=algo20240523053831; 10=240;
8=FIX4.4; 35=F; 34=66; 49=MTHREE; 56=MS; 52=2024-05-23-05:38:32; 41=algo20240523053831; 55=AMGN; 38=20750; 11=C_algo20240523053831; 60=2024-05-23-05:38:32; 10=060;
8=FIX4.4; 35=8; 34=79; 49=MS; 56=MTHREE; 52=2024-05-23-05:38:32; 55=AMGN; 11=C_algo20240523053831; 31=0; 150=6; 39=6; 54=2; 44=116.62; 17=exec20240523053832; 32=0; 41=algo20240523053831; 38=20750; 60=2024-05-23-05:38:32; 6=0.0; 14=5187; 37=algo20240523053831; 10=252;
8=FIX4.4; 35=8; 34=80; 49=MS; 56=MTHREE; 52=2024-05-23-05:38:32; 151=10376; 55=AMGN; 11=C_algo20240523053831; 31=0; 150=4; 39=4; 54=2; 17=exec20240523053832; 32=0; 41=algo20240523053831; 38=20750; 60=2024-05-23-05:38:32; 6=0.0; 14=5187; 37=algo20240523053831; 10=252;
8=FIX4.4; 35=D; 34=68; 49=MTHREE; 56=MS; 52=2024-05-23-05:38:34; 55=PYPL; 40=2; 38=16884; 21=2; 11=algo20240523053834; 60=2024-05-23-05:38:34; 54=1; 44=723.61; 10=0252;
8=FIX4.4; 35=8; 34=82; 49=MS; 56=MTHREE; 52=2024-05-23-05:38:34; 55=PYPL; 40=2; 11=algo20240523053834; 31=723.61; 150=0; 39=0; 54=1; 44=723.61; 32=0; 17=exec20240523053834; 38=16884; 60=2024-05-23-05:38:34; 6=0; 14=0; 37=algo20240523053834; 10=200;
8=FIX4.4; 35=8; 34=83; 49=MS; 56=MTHREE; 52=2024-05-23-05:38:35; 55=PYPL; 40=2; 11=algo20240523053834; 31=723.61; 150=2; 39=2; 54=1; 44=723.61; 32=16884; 17=exec20240523053835; 38=16884; 60=2024-05-23-05:38:35; 6=723.61; 14=16884; 37=algo20240523053834; 10=246;
8=FIX4.4; 35=D; 34=69; 49=MTHREE; 56=MS; 52=2024-05-23-05:38:35; 55=TSLA; 40=2; 38=26755; 21=2; 11=algo20240523053835; 60=2024-05-23-05:38:35; 54=2; 44=503.77; 10=0252;
8=FIX4.4; 35=8; 34=84; 49=MS; 56=MTHREE; 52=2024-05-23-05:38:35; 55=TSLA; 40=2; 11=algo20240523053835; 31=503.77; 150=0; 39=0; 54=2; 44=503.77; 32=0; 17=exec20240523053835; 38=26755; 60=2024-05-23-05:38:35; 6=0; 14=0; 37=algo20240523053835; 10=200;
8=FIX4.4; 35=F; 34=69; 49=MTHREE; 56=MS; 52=2024-05-23-05:38:35; 41=algo20240523053835; 55=TSLA; 38=26755; 11=C_algo20240523053835; 60=2024-05-23-05:38:35; 10=060;
8=FIX4.4; 35=8; 34=84; 49=MS; 56=MTHREE; 52=2024-05-23-05:38:35; 55=TSLA; 11=C_algo20240523053835; 31=0; 150=6; 39=6; 54=2; 44=503.77; 17=exec20240523053835; 32=0; 41=algo20240523053835; 38=26755; 60=2024-05-23-05:38:35; 6=0.0; 14=0; 37=algo20240523053835; 10=252;
8=FIX4.4; 35=8; 34=85; 49=MS; 56=MTHREE; 52=2024-05-23-05:38:35; 151=20067; 55=TSLA; 11=C_algo20240523053835; 31=0; 150=4; 39=4; 54=2; 17=exec20240523053835; 32=0; 41=algo20240523053835; 38=26755; 60=2024-05-23-05:38:35; 6=0.0; 14=0; 37=algo20240523053835; 10=252;
8=FIX4.4; 35=D; 34=71; 49=MTHREE; 56=MS; 52=2024-05-23-05:38:37; 55=TXN; 40=2; 38=21472; 21=2; 11=algo20240523053837; 60=2024-05-23-05:38:37; 54=2; 44=112.46; 10=0252;
8=FIX4.4; 35=8; 34=87; 49=MS; 56=MTHREE; 52=2024-05-23-05:38:37; 55=TXN; 40=2; 11=algo20240523053837; 31=112.46; 150=0; 39=0; 54=2; 44=112.46; 32=0; 17=exec20240523053837; 38=21472; 60=2024-05-23-05:38:37; 6=0; 14=0; 37=algo20240523053837; 10=200;
8=FIX4.4; 35=F; 34=71; 49=MTHREE; 56=MS; 52=2024-05-23-05:38:37; 41=algo20240523053837; 55=TXN; 38=21472; 11=C_algo20240523053837; 60=2024-05-23-05:38:37; 10=060;
8=FIX4.4; 35=8; 34=87; 49=MS; 56=MTHREE; 52=2024-05-23-05:38:37; 55=TXN; 11=C_algo20240523053837; 31=0; 150=6; 39=6; 54=2; 44=112.46; 17=exec20240523053837; 32=0; 41=algo20240523053837; 38=21472; 60=2024-05-23-05:38:37; 6=0.0; 14=0; 37=algo20240523053837; 10=252;
8=FIX4.4; 35=8; 34=88; 49=MS; 56=MTHREE; 52=2024-05-23-05:38:37; 151=14315; 55=TXN; 11=C_algo20240523053837; 31=0; 150=4; 39=4; 54=2; 17=exec20240523053837; 32=0; 41=algo20240523053837; 38=21472; 60=2024-05-23-05:38:37; 6=0.0; 14=0; 37=algo20240523053837; 10=252;
8=FIX4.4; 35=D; 34=73; 49=MTHREE; 56=MS; 52=2024-05-23-05:38:39; 55=AVGO; 40=2; 38=15728; 21=2; 11=algo20240523053839; 60=2024-05-23-05:38:39; 54=1; 44=262.99; 10=0252;
8=FIX4.4; 35=8; 34=90; 49=MS; 56=MTHREE; 52=2024-05-23-05:38:39; 55=AVGO; 40=2; 11=algo20240523053839; 31=262.99; 150=0; 39=0; 54=1; 44=262.99; 32=0; 17=exec20240523053839; 38=15728; 60=2024-05-23-05:38:39; 6=0; 14=0; 37=algo20240523053839; 10=200;
8=FIX4.4; 35=F; 34=73; 49=MTHREE; 56=MS; 52=2024-05-23-05:38:39; 41=algo20240523053839; 55=AVGO; 38=15728; 11=C_algo20240523053839; 60=2024-05-23-05:38:39; 10=060;
8=FIX4.4; 35=8; 34=90; 49=MS; 56=MTHREE; 52=2024-05-23-05:38:39; 55=AVGO; 11=C_algo20240523053839; 31=0; 150=6; 39=6; 54=1; 44=262.99; 17=exec20240523053839; 32=0; 41=algo20240523053839; 38=15728; 60=2024-05-23-05:38:39; 6=0.0; 14=0; 37=algo20240523053839; 10=252;
8=FIX4.4; 35=8; 34=91; 49=MS; 56=MTHREE; 52=2024-05-23-05:38:39; 151=11796; 55=AVGO; 11=C_algo20240523053839; 31=0; 150=4; 39=4; 54=1; 17=exec20240523053839; 32=0; 41=algo20240523053839; 38=15728; 60=2024-05-23-05:38:39; 6=0.0; 14=0; 37=algo20240523053839; 10=252;
8=FIX4.4; 35=D; 34=75; 49=MTHREE; 56=MS; 52=2024-05-23-05:38:41; 55=GILD; 40=2; 38=2040; 21=2; 11=algo20240523053841; 60=2024-05-23-05:38:41; 54=2; 44=82.91; 10=0252;
8=FIX4.4; 35=8; 34=93; 49=MS; 56=MTHREE; 52=2024-05-23-05:38:41; 55=GILD; 40=2; 11=algo20240523053841; 31=82.91; 150=0; 39=0; 54=2; 44=82.91; 32=0; 17=exec20240523053841; 38=2040; 60=2024-05-23-05:38:41; 6=0; 14=0; 37=algo20240523053841; 10=200;
8=FIX4.4; 35=8; 34=94; 49=MS; 56=MTHREE; 52=2024-05-23-05:38:42; 55=GILD; 40=2; 11=algo20240523053841; 31=82.91; 150=2; 39=2; 54=2; 44=82.91; 32=2040; 17=exec20240523053842; 38=2040; 60=2024-05-23-05:38:42; 6=82.91; 14=2040; 37=algo20240523053841; 10=246;
8=FIX4.4; 35=D; 34=76; 49=MTHREE; 56=MS; 52=2024-05-23-05:38:42; 55=SBUX; 40=2; 38=6501; 21=2; 11=algo20240523053842; 60=2024-05-23-05:38:42; 54=2; 44=75.71; 10=0252;
8=FIX4.4; 35=8; 34=95; 49=MS; 56=MTHREE; 52=2024-05-23-05:38:42; 55=SBUX; 40=2; 11=algo20240523053842; 31=75.71; 150=0; 39=0; 54=2; 44=75.71; 32=0; 17=exec20240523053842; 38=6501; 60=2024-05-23-05:38:42; 6=0; 14=0; 37=algo20240523053842; 10=200;
8=FIX4.4; 35=8; 34=96; 49=MS; 56=MTHREE; 52=2024-05-23-05:38:42; 55=SBUX; 40=2; 11=algo20240523053842; 31=75.71; 150=1; 39=1; 54=2; 44=75.71; 32=1625; 17=exec20240523053842; 38=6501; 60=2024-05-23-05:38:42; 6=75.71; 14=1625; 37=algo20240523053842; 10=240;
8=FIX4.4; 35=8; 34=97; 49=MS; 56=MTHREE; 52=2024-05-23-05:38:43; 55=SBUX; 40=2; 11=algo20240523053842; 31=75.71; 150=1; 39=1; 54=2; 44=75.71; 32=1625; 17=exec20240523053843; 38=6501; 60=2024-05-23-05:38:43; 6=75.71; 14=3250; 37=algo20240523053842; 10=240;
8=FIX4.4; 35=F; 34=76; 49=MTHREE; 56=MS; 52=2024-05-23-05:38:44; 41=algo20240523053842; 55=SBUX; 38=6501; 11=C_algo20240523053842; 60=2024-05-23-05:38:44; 10=060;
8=FIX4.4; 35=8; 34=97; 49=MS; 56=MTHREE; 52=2024-05-23-05:38:44; 55=SBUX; 11=C_algo20240523053842; 31=0; 150=6; 39=6; 54=2; 44=75.71; 17=exec20240523053844; 32=0; 41=algo20240523053842; 38=6501; 60=2024-05-23-05:38:44; 6=0.0; 14=3250; 37=algo20240523053842; 10=252;
8=FIX4.4; 35=8; 34=98; 49=MS; 56=MTHREE; 52=2024-05-23-05:38:44; 151=1626; 55=SBUX; 11=C_algo20240523053842; 31=0; 150=4; 39=4; 54=2; 17=exec20240523053844; 32=0; 41=algo20240523053842; 38=6501; 60=2024-05-23-05:38:44; 6=0.0; 14=3250; 37=algo20240523053842; 10=252;
8=FIX4.4; 35=D; 34=78; 49=MTHREE; 56=MS; 52=2024-05-23-05:38:46; 55=QCOM; 40=2; 38=11494; 21=2; 11=algo20240523053846; 60=2024-05-23-05:38:46; 54=1; 44=75.47; 10=0252;
8=FIX4.4; 35=8; 34=100; 49=MS; 56=MTHREE; 52=2024-05-23-05:38:46; 55=QCOM; 40=2; 11=algo20240523053846; 31=75.47; 150=0; 39=0; 54=1; 44=75.47; 32=0; 17=exec20240523053846; 38=11494; 60=2024-05-23-05:38:46; 6=0; 14=0; 37=algo20240523053846; 10=200;
8=FIX4.4; 35=8; 34=101; 49=MS; 56=MTHREE; 52=2024-05-23-05:38:47; 55=QCOM; 40=2; 11=algo20240523053846; 31=75.47; 150=2; 39=2; 54=1; 44=75.47; 32=11494; 17=exec20240523053847; 38=11494; 60=2024-05-23-05:38:47; 6=75.47; 14=11494; 37=algo20240523053846; 10=246;
8=FIX4.4; 35=D; 34=79; 49=MTHREE; 56=MS; 52=2024-05-23-05:38:47; 55=TMUS; 40=2; 38=20521; 21=2; 11=algo20240523053847; 60=2024-05-23-05:38:47; 54=1; 44=90.74; 10=0252;
8=FIX4.4; 35=8; 34=102; 49=MS; 56=MTHREE; 52=2024-05-23-05:38:47; 55=TMUS; 40=2; 11=algo20240523053847; 31=90.74; 150=0; 39=0; 54=1; 44=90.74; 32=0; 17=exec20240523053847; 38=20521; 60=2024-05-23-05:38:47; 6=0; 14=0; 37=algo20240523053847; 10=200;
8=FIX4.4; 35=8; 34=103; 49=MS; 56=MTHREE; 52=2024-05-23-05:38:47; 55=TMUS; 40=2; 11=algo20240523053847; 31=90.74; 150=1; 39=1; 54=1; 44=90.74; 32=5130; 17=exec20240523053847; 38=20521; 60=2024-05-23-05:38:47; 6=90.74; 14=5130; 37=algo20240523053847; 10=240;
8=FIX4.4; 35=F; 34=79; 49=MTHREE; 56=MS; 52=2024-05-23-05:38:48; 41=algo20240523053847; 55=TMUS; 38=20521; 11=C_algo20240523053847; 60=2024-05-23-05:38:48; 10=060;
8=FIX4.4; 35=8; 34=103; 49=MS; 56=MTHREE; 52=2024-05-23-05:38:48; 55=TMUS; 11=C_algo20240523053847; 31=0; 150=6; 39=6; 54=1; 44=90.74; 17=exec20240523053848; 32=0; 41=algo20240523053847; 38=20521; 60=2024-05-23-05:38:48; 6=0.0; 14=5130; 37=algo20240523053847; 10=252;
8=FIX4.4; 35=8; 34=104; 49=MS; 56=MTHREE; 52=2024-05-23-05:38:48; 151=10261; 55=TMUS; 11=C_algo20240523053847; 31=0; 150=4; 39=4; 54=1; 17=exec20240523053848; 32=0; 41=algo20240523053847; 38=20521; 60=2024-05-23-05:38:48; 6=0.0; 14=5130; 37=algo20240523053847; 10=252;
8=FIX4.4; 35=D; 34=81; 49=MTHREE; 56=MS; 52=2024-05-23-05:38:50; 55=MDLZ; 40=2; 38=22104; 21=2; 11=algo20240523053850; 60=2024-05-23-05:38:50; 54=1; 44=52.26; 10=0252;
8=FIX4.4; 35=8; 34=106; 49=MS; 56=MTHREE; 52=2024-05-23-05:38:50; 55=MDLZ; 40=2; 11=algo20240523053850; 31=52.26; 150=0; 39=0; 54=1; 44=52.26; 32=0; 17=exec20240523053850; 38=22104; 60=2024-05-23-05:38:50; 6=0; 14=0; 37=algo20240523053850; 10=200;
8=FIX4.4; 35=8; 34=107; 49=MS; 56=MTHREE; 52=2024-05-23-05:38:50; 55=MDLZ; 40=2; 11=algo20240523053850; 31=52.26; 150=1; 39=1; 54=1; 44=52.26; 32=7368; 17=exec20240523053850; 38=22104; 60=2024-05-23-05:38:50; 6=52.26; 14=7368; 37=algo20240523053850; 10=240;
8=FIX4.4; 35=F; 34=81; 49=MTHREE; 56=MS; 52=2024-05-23-05:38:51; 41=algo20240523053850; 55=MDLZ; 38=22104; 11=C_algo20240523053850; 60=2024-05-23-05:38:51; 10=060;
8=FIX4.4; 35=8; 34=107; 49=MS; 56=MTHREE; 52=2024-05-23-05:38:51; 55=MDLZ; 11=C_algo20240523053850; 31=0; 150=6; 39=6; 54=1; 44=52.26; 17=exec20240523053851; 32=0; 41=algo20240523053850; 38=22104; 60=2024-05-23-05:38:51; 6=0.0; 14=7368; 37=algo20240523053850; 10=252;
8=FIX4.4; 35=8; 34=108; 49=MS; 56=MTHREE; 52=2024-05-23-05:38:51; 151=7368; 55=MDLZ; 11=C_algo20240523053850; 31=0; 150=4; 39=4; 54=1; 17=exec20240523053851; 32=0; 41=algo20240523053850; 38=22104; 60=2024-05-23-05:38:51; 6=0.0; 14=7368; 37=algo20240523053850; 10=252;
8=FIX4.4; 35=D; 34=83; 49=MTHREE; 56=MS; 52=2024-05-23-05:38:53; 55=BAC; 40=2; 38=30081; 21=2; 11=algo20240523053853; 60=2024-05-23-05:38:53; 54=2; 44=22.03; 10=0252;
8=FIX4.4; 35=8; 34=110; 49=MS; 56=MTHREE; 52=2024-05-23-05:38:53; 55=BAC; 40=2; 11=algo20240523053853; 31=22.03; 150=0; 39=0; 54=2; 44=22.03; 32=0; 17=exec20240523053853; 38=30081; 60=2024-05-23-05:38:53; 6=0; 14=0; 37=algo20240523053853; 10=200;
8=FIX4.4; 35=8; 34=111; 49=MS; 56=MTHREE; 52=2024-05-23-05:38:53; 55=BAC; 40=2; 11=algo20240523053853; 31=22.03; 150=1; 39=1; 54=2; 44=22.03; 32=10027; 17=exec20240523053853; 38=30081; 60=2024-05-23-05:38:53; 6=22.03; 14=10027; 37=algo20240523053853; 10=240;
8=FIX4.4; 35=8; 34=112; 49=MS; 56=MTHREE; 52=2024-05-23-05:38:54; 55=BAC; 40=2; 11=algo20240523053853; 31=22.03; 150=1; 39=1; 54=2; 44=22.03; 32=10027; 17=exec20240523053854; 38=30081; 60=2024-05-23-05:38:54; 6=22.03; 14=20054; 37=algo20240523053853; 10=240;
8=FIX4.4; 35=8; 34=113; 49=MS; 56=MTHREE; 52=2024-05-23-05:38:56; 55=BAC; 40=2; 11=algo20240523053853; 31=22.03; 150=2; 39=2; 54=2; 44=22.03; 32=10027; 17=exec20240523053856; 38=30081; 60=2024-05-23-05:38:56; 6=22.03; 14=30081; 37=algo20240523053853; 10=246;
8=FIX4.4; 35=D; 34=84; 49=MTHREE; 56=MS; 52=2024-05-23-05:38:56; 55=DDD; 40=2; 38=8827; 21=2; 11=algo20240523053856; 60=2024-05-23-05:38:56; 54=1; 44=8.01; 10=0252;
8=FIX4.4; 35=8; 34=114; 49=MS; 56=MTHREE; 52=2024-05-23-05:38:56; 55=DDD; 40=2; 11=algo20240523053856; 31=8.01; 150=0; 39=0; 54=1; 44=8.01; 32=0; 17=exec20240523053856; 38=8827; 60=2024-05-23-05:38:56; 6=0; 14=0; 37=algo20240523053856; 10=200;
8=FIX4.4; 35=8; 34=115; 49=MS; 56=MTHREE; 52=2024-05-23-05:38:56; 55=DDD; 40=2; 11=algo20240523053856; 31=8.01; 150=1; 39=1; 54=1; 44=8.01; 32=2942; 17=exec20240523053856; 38=8827; 60=2024-05-23-05:38:56; 6=8.01; 14=2942; 37=algo20240523053856; 10=240;
8=FIX4.4; 35=F; 34=84; 49=MTHREE; 56=MS; 52=2024-05-23-05:38:57; 41=algo20240523053856; 55=DDD; 38=8827; 11=C_algo20240523053856; 60=2024-05-23-05:38:57; 10=060;
8=FIX4.4; 35=8; 34=115; 49=MS; 56=MTHREE; 52=2024-05-23-05:38:57; 55=DDD; 11=C_algo20240523053856; 31=0; 150=6; 39=6; 54=1; 44=8.01; 17=exec20240523053857; 32=0; 41=algo20240523053856; 38=8827; 60=2024-05-23-05:38:57; 6=0.0; 14=2942; 37=algo20240523053856; 10=252;
8=FIX4.4; 35=8; 34=116; 49=MS; 56=MTHREE; 52=2024-05-23-05:38:57; 151=2943; 55=DDD; 11=C_algo20240523053856; 31=0; 150=4; 39=4; 54=1; 17=exec20240523053857; 32=0; 41=algo20240523053856; 38=8827; 60=2024-05-23-05:38:57; 6=0.0; 14=2942; 37=algo20240523053856; 10=252;
8=FIX4.4; 35=D; 34=86; 49=MTHREE; 56=MS; 52=2024-05-23-05:38:59; 55=MMM; 40=2; 38=1003; 21=2; 11=algo20240523053859; 60=2024-05-23-05:38:59; 54=2; 44=146.98; 10=0252;
8=FIX4.4; 35=8; 34=118; 49=MS; 56=MTHREE; 52=2024-05-23-05:38:59; 55=MMM; 40=2; 11=algo20240523053859; 31=146.98; 150=0; 39=0; 54=2; 44=146.98; 32=0; 17=exec20240523053859; 38=1003; 60=2024-05-23-05:38:59; 6=0; 14=0; 37=algo20240523053859; 10=200;
8=FIX4.4; 35=8; 34=119; 49=MS; 56=MTHREE; 52=2024-05-23-05:38:59; 55=MMM; 40=2; 11=algo20240523053859; 31=146.98; 150=1; 39=1; 54=2; 44=146.98; 32=501; 17=exec20240523053859; 38=1003; 60=2024-05-23-05:38:59; 6=146.98; 14=501; 37=algo20240523053859; 10=240;
8=FIX4.4; 35=8; 34=120; 49=MS; 56=MTHREE; 52=2024-05-23-05:39:01; 55=MMM; 40=2; 11=algo20240523053859; 31=146.98; 150=2; 39=2; 54=2; 44=146.98; 32=502; 17=exec20240523053901; 38=1003; 60=2024-05-23-05:39:01; 6=146.98; 14=1003; 37=algo20240523053859; 10=246;
8=FIX4.4; 35=D; 34=87; 49=MTHREE; 56=MS; 52=2024-05-23-05:39:01; 55=WBAI; 40=2; 38=28357; 21=2; 11=algo20240523053901; 60=2024-05-23-05:39:01; 54=2; 44=4.10; 10=0252;
8=FIX4.4; 35=8; 34=121; 49=MS; 56=MTHREE; 52=2024-05-23-05:39:01; 55=WBAI; 40=2; 11=algo20240523053901; 31=4.10; 150=0; 39=0; 54=2; 44=4.10; 32=0; 17=exec20240523053901; 38=28357; 60=2024-05-23-05:39:01; 6=0; 14=0; 37=algo20240523053901; 10=200;
8=FIX4.4; 35=F; 34=87; 49=MTHREE; 56=MS; 52=2024-05-23-05:39:01; 41=algo20240523053901; 55=WBAI; 38=28357; 11=C_algo20240523053901; 60=2024-05-23-05:39:01; 10=060;
8=FIX4.4; 35=8; 34=121; 49=MS; 56=MTHREE; 52=2024-05-23-05:39:01; 55=WBAI; 11=C_algo20240523053901; 31=0; 150=6; 39=6; 54=2; 44=4.10; 17=exec20240523053901; 32=0; 41=algo20240523053901; 38=28357; 60=2024-05-23-05:39:01; 6=0.0; 14=0; 37=algo20240523053901; 10=252;
8=FIX4.4; 35=8; 34=122; 49=MS; 56=MTHREE; 52=2024-05-23-05:39:01; 151=18905; 55=WBAI; 11=C_algo20240523053901; 31=0; 150=4; 39=4; 54=2; 17=exec20240523053901; 32=0; 41=algo20240523053901; 38=28357; 60=2024-05-23-05:39:01; 6=0.0; 14=0; 37=algo20240523053901; 10=252;
8=FIX4.4; 35=D; 34=89; 49=MTHREE; 56=MS; 52=2024-05-23-05:39:03; 55=WUBA; 40=2; 38=28094; 21=2; 11=algo20240523053903; 60=2024-05-23-05:39:03; 54=2; 44=51.41; 10=0252;
8=FIX4.4; 35=8; 34=124; 49=MS; 56=MTHREE; 52=2024-05-23-05:39:03; 55=WUBA; 40=2; 11=algo20240523053903; 31=51.41; 150=0; 39=0; 54=2; 44=51.41; 32=0; 17=exec20240523053903; 38=28094; 60=2024-05-23-05:39:03; 6=0; 14=0; 37=algo20240523053903; 10=200;
8=FIX4.4; 35=F; 34=89; 49=MTHREE; 56=MS; 52=2024-05-23-05:39:03; 41=algo20240523053903; 55=WUBA; 38=28094; 11=C_algo20240523053903; 60=2024-05-23-05:39:03; 10=060;
8=FIX4.4; 35=8; 34=124; 49=MS; 56=MTHREE; 52=2024-05-23-05:39:03; 55=WUBA; 11=C_algo20240523053903; 31=0; 150=6; 39=6; 54=2; 44=51.41; 17=exec20240523053903; 32=0; 41=algo20240523053903; 38=28094; 60=2024-05-23-05:39:03; 6=0.0; 14=0; 37=algo20240523053903; 10=252;
8=FIX4.4; 35=8; 34=125; 49=MS; 56=MTHREE; 52=2024-05-23-05:39:03; 151=14047; 55=WUBA; 11=C_algo20240523053903; 31=0; 150=4; 39=4; 54=2; 17=exec20240523053903; 32=0; 41=algo20240523053903; 38=28094; 60=2024-05-23-05:39:03; 6=0.0; 14=0; 37=algo20240523053903; 10=252;
8=FIX4.4; 35=D; 34=91; 49=MTHREE; 56=MS; 52=2024-05-23-05:39:05; 55=EGHT; 40=2; 38=15911; 21=2; 11=algo20240523053905; 60=2024-05-23-05:39:05; 54=1; 44=17.03; 10=0252;
8=FIX4.4; 35=8; 34=127; 49=MS; 56=MTHREE; 52=2024-05-23-05:39:05; 55=EGHT; 40=2; 11=algo20240523053905; 31=17.03; 150=0; 39=0; 54=1; 44=17.03; 32=0; 17=exec20240523053905; 38=15911; 60=2024-05-23-05:39:05; 6=0; 14=0; 37=algo20240523053905; 10=200;
8=FIX4.4; 35=8; 34=128; 49=MS; 56=MTHREE; 52=2024-05-23-05:39:05; 55=EGHT; 40=2; 11=algo20240523053905; 31=17.03; 150=1; 39=1; 54=1; 44=17.03; 32=7955; 17=exec20240523053905; 38=15911; 60=2024-05-23-05:39:05; 6=17.03; 14=7955; 37=algo20240523053905; 10=240;
8=FIX4.4; 35=8; 34=129; 49=MS; 56=MTHREE; 52=2024-05-23-05:39:07; 55=EGHT; 40=2; 11=algo20240523053905; 31=17.03; 150=2; 39=2; 54=1; 44=17.03; 32=7956; 17=exec20240523053907; 38=15911; 60=2024-05-23-05:39:07; 6=17.03; 14=15911; 37=algo20240523053905; 10=246;
8=FIX4.4; 35=D; 34=92; 49=MTHREE; 56=MS; 52=2024-05-23-05:39:07; 55=AHC; 40=2; 38=30222; 21=2; 11=algo20240523053907; 60=2024-05-23-05:39:07; 54=1; 44=1.40; 10=0252;
8=FIX4.4; 35=8; 34=130; 49=MS; 56=MTHREE; 52=2024-05-23-05:39:07; 55=AHC; 40=2; 11=algo20240523053907; 31=1.40; 150=0; 39=0; 54=1; 44=1.40; 32=0; 17=exec20240523053907; 38=30222; 60=2024-05-23-05:39:07; 6=0; 14=0; 37=algo20240523053907; 10=200;
8=FIX4.4; 35=F; 34=92; 49=MTHREE; 56=MS; 52=2024-05-23-05:39:07; 41=algo20240523053907; 55=AHC; 38=30222; 11=C_algo20240523053907; 60=2024-05-23-05:39:07; 10=060;
8=FIX4.4; 35=8; 34=130; 49=MS; 56=MTHREE; 52=2024-05-23-05:39:07; 55=AHC; 11=C_algo20240523053907; 31=0; 150=6; 39=6; 54=1; 44=1.40; 17=exec20240523053907; 32=0; 41=algo20240523053907; 38=30222; 60=2024-05-23-05:39:07; 6=0.0; 14=0; 37=algo20240523053907; 10=252;
8=FIX4.4; 35=8; 34=131; 49=MS; 56=MTHREE; 52=2024-05-23-05:39:07; 151=20148; 55=AHC; 11=C_algo20240523053907; 31=0; 150=4; 39=4; 54=1; 17=exec20240523053907; 32=0; 41=algo20240523053907; 38=30222; 60=2024-05-23-05:39:07; 6=0.0; 14=0; 37=algo20240523053907; 10=252;
8=FIX4.4; 35=D; 34=94; 49=MTHREE; 56=MS; 52=2024-05-23-05:39:09; 55=AOS; 40=2; 38=6224; 21=2; 11=algo20240523053909; 60=2024-05-23-05:39:09; 54=2; 44=40.38; 10=0252;
8=FIX4.4; 35=8; 34=133; 49=MS; 56=MTHREE; 52=2024-05-23-05:39:09; 55=AOS; 40=2; 11=algo20240523053909; 31=40.38; 150=0; 39=0; 54=2; 44=40.38; 32=0; 17=exec20240523053909; 38=6224; 60=2024-05-23-05:39:09; 6=0; 14=0; 37=algo20240523053909; 10=200;
8=FIX4.4; 35=8; 34=134; 49=MS; 56=MTHREE; 52=2024-05-23-05:39:09; 55=AOS; 40=2; 11=algo20240523053909; 31=40.38; 150=1; 39=1; 54=2; 44=40.38; 32=1556; 17=exec20240523053909; 38=6224; 60=2024-05-23-05:39:09; 6=40.38; 14=1556; 37=algo20240523053909; 10=240;
8=FIX4.4; 35=8; 34=135; 49=MS; 56=MTHREE; 52=2024-05-23-05:39:10; 55=AOS; 40=2; 11=algo20240523053909; 31=40.38; 150=1; 39=1; 54=2; 44=40.38; 32=1556; 17=exec20240523053910; 38=6224; 60=2024-05-23-05:39:10; 6=40.38; 14=3112; 37=algo20240523053909; 10=240;
8=FIX4.4; 35=8; 34=136; 49=MS; 56=MTHREE; 52=2024-05-23-05:39:11; 55=AOS; 40=2; 11=algo20240523053909; 31=40.38; 150=1; 39=1; 54=2; 44=40.38; 32=1556; 17=exec20240523053911; 38=6224; 60=2024-05-23-05:39:11; 6=40.38; 14=4668; 37=algo20240523053909; 10=240;
8=FIX4.4; 35=8; 34=137; 49=MS; 56=MTHREE; 52=2024-05-23-05:39:13; 55=AOS; 40=2; 11=algo20240523053909; 31=40.38; 150=2; 39=2; 54=2; 44=40.38; 32=1556; 17=exec20240523053913; 38=6224; 60=2024-05-23-05:39:13; 6=40.38; 14=6224; 37=algo20240523053909; 10=246;
8=FIX4.4; 35=D; 34=95; 49=MTHREE; 56=MS; 52=2024-05-23-05:39:13; 55=ATEN; 40=2; 38=2732; 21=2; 11=algo20240523053913; 60=2024-05-23-05:39:13; 54=1; 44=6.45; 10=0252;
8=FIX4.4; 35=8; 34=138; 49=MS; 56=MTHREE; 52=2024-05-23-05:39:13; 55=ATEN; 40=2; 11=algo20240523053913; 31=6.45; 150=0; 39=0; 54=1; 44=6.45; 32=0; 17=exec20240523053913; 38=2732; 60=2024-05-23-05:39:13; 6=0; 14=0; 37=algo20240523053913; 10=200;
8=FIX4.4; 35=F; 34=95; 49=MTHREE; 56=MS; 52=2024-05-23-05:39:13; 41=algo20240523053913; 55=ATEN; 38=2732; 11=C_algo20240523053913; 60=2024-05-23-05:39:13; 10=060;
8=FIX4.4; 35=8; 34=138; 49=MS; 56=MTHREE; 52=2024-05-23-05:39:13; 55=ATEN; 11=C_algo20240523053913; 31=0; 150=6; 39=6; 54=1; 44=6.45; 17=exec20240523053913; 32=0; 41=algo20240523053913; 38=2732; 60=2024-05-23-05:39:13; 6=0.0; 14=0; 37=algo20240523053913; 10=252;
8=FIX4.4; 35=8; 34=139; 49=MS; 56=MTHREE; 52=2024-05-23-05:39:13; 151=1366; 55=ATEN; 11=C_algo20240523053913; 31=0; 150=4; 39=4; 54=1; 17=exec20240523053913; 32=0; 41=algo20240523053913; 38=2732; 60=2024-05-23-05:39:13; 6=0.0; 14=0; 37=algo20240523053913; 10=252;
8=FIX4.4; 35=D; 34=97; 49=MTHREE; 56=MS; 52=2024-05-23-05:39:15; 55=AIR; 40=2; 38=19970; 21=2; 11=algo20240523053915; 60=2024-05-23-05:39:15; 54=1; 44=16.31; 10=0252;
8=FIX4.4; 35=8; 34=141; 49=MS; 56=MTHREE; 52=2024-05-23-05:39:15; 55=AIR; 40=2; 11=algo20240523053915; 31=16.31; 150=0; 39=0; 54=1; 44=16.31; 32=0; 17=exec20240523053915; 38=19970; 60=2024-05-23-05:39:15; 6=0; 14=0; 37=algo20240523053915; 10=200;
8=FIX4.4; 35=F; 34=97; 49=MTHREE; 56=MS; 52=2024-05-23-05:39:15; 41=algo20240523053915; 55=AIR; 38=19970; 11=C_algo20240523053915; 60=2024-05-23-05:39:15; 10=060;
8=FIX4.4; 35=8; 34=141; 49=MS; 56=MTHREE; 52=2024-05-23-05:39:15; 55=AIR; 11=C_algo20240523053915; 31=0; 150=6; 39=6; 54=1; 44=16.31; 17=exec20240523053915; 32=0; 41=algo20240523053915; 38=19970; 60=2024-05-23-05:39:15; 6=0.0; 14=0; 37=algo20240523053915; 10=252;
8=FIX4.4; 35=8; 34=142; 49=MS; 56=MTHREE; 52=2024-05-23-05:39:15; 151=9985; 55=AIR; 11=C_algo20240523053915; 31=0; 150=4; 39=4; 54=1; 17=exec20240523053915; 32=0; 41=algo20240523053915; 38=19970; 60=2024-05-23-05:39:15; 6=0.0; 14=0; 37=algo20240523053915; 10=252;
8=FIX4.4; 35=D; 34=99; 49=MTHREE; 56=MS; 52=2024-05-23-05:39:17; 55=AAN; 40=2; 38=17946; 21=2; 11=algo20240523053917; 60=2024-05-23-05:39:17; 54=2; 44=25.68; 10=0252;
8=FIX4.4; 35=8; 34=144; 49=MS; 56=MTHREE; 52=2024-05-23-05:39:17; 55=AAN; 40=2; 11=algo20240523053917; 31=25.68; 150=0; 39=0; 54=2; 44=25.68; 32=0; 17=exec20240523053917; 38=17946; 60=2024-05-23-05:39:17; 6=0; 14=0; 37=algo20240523053917; 10=200;
8=FIX4.4; 35=8; 34=145; 49=MS; 56=MTHREE; 52=2024-05-23-05:39:17; 55=AAN; 40=2; 11=algo20240523053917; 31=25.68; 150=1; 39=1; 54=2; 44=25.68; 32=5982; 17=exec20240523053917; 38=17946; 60=2024-05-23-05:39:17; 6=25.68; 14=5982; 37=algo20240523053917; 10=240;
8=FIX4.4; 35=F; 34=99; 49=MTHREE; 56=MS; 52=2024-05-23-05:39:18; 41=algo20240523053917; 55=AAN; 38=17946; 11=C_algo20240523053917; 60=2024-05-23-05:39:18; 10=060;
8=FIX4.4; 35=8; 34=145; 49=MS; 56=MTHREE; 52=2024-05-23-05:39:18; 55=AAN; 11=C_algo20240523053917; 31=0; 150=6; 39=6; 54=2; 44=25.68; 17=exec20240523053918; 32=0; 41=algo20240523053917; 38=17946; 60=2024-05-23-05:39:18; 6=0.0; 14=5982; 37=algo20240523053917; 10=252;
8=FIX4.4; 35=8; 34=146; 49=MS; 56=MTHREE; 52=2024-05-23-05:39:18; 151=5982; 55=AAN; 11=C_algo20240523053917; 31=0; 150=4; 39=4; 54=2; 17=exec20240523053918; 32=0; 41=algo20240523053917; 38=17946; 60=2024-05-23-05:39:18; 6=0.0; 14=5982; 37=algo20240523053917; 10=252;
8=FIX4.4; 35=D; 34=101; 49=MTHREE; 56=MS; 52=2024-05-23-05:39:20; 55=ABB; 40=2; 38=18040; 21=2; 11=algo20240523053920; 60=2024-05-23-05:39:20; 54=1; 44=17.42; 10=0252;
8=FIX4.4; 35=8; 34=148; 49=MS; 56=MTHREE; 52=2024-05-23-05:39:20; 55=ABB; 40=2; 11=algo20240523053920; 31=17.42; 150=0; 39=0; 54=1; 44=17.42; 32=0; 17=exec20240523053920; 38=18040; 60=2024-05-23-05:39:20; 6=0; 14=0; 37=algo20240523053920; 10=200;
8=FIX4.4; 35=F; 34=101; 49=MTHREE; 56=MS; 52=2024-05-23-05:39:20; 41=algo20240523053920; 55=ABB; 38=18040; 11=C_algo20240523053920; 60=2024-05-23-05:39:20; 10=060;
8=FIX4.4; 35=8; 34=148; 49=MS; 56=MTHREE; 52=2024-05-23-05:39:20; 55=ABB; 11=C_algo20240523053920; 31=0; 150=6; 39=6; 54=1; 44=17.42; 17=exec20240523053920; 32=0; 41=algo20240523053920; 38=18040; 60=2024-05-23-05:39:20; 6=0.0; 14=0; 37=algo20240523053920; 10=252;
8=FIX4.4; 35=8; 34=149; 49=MS; 56=MTHREE; 52=2024-05-23-05:39:20; 151=12027; 55=ABB; 11=C_algo20240523053920; 31=0; 150=4; 39=4; 54=1; 17=exec20240523053920; 32=0; 41=algo20240523053920; 38=18040; 60=2024-05-23-05:39:20; 6=0.0; 14=0; 37=algo20240523053920; 10=252;
8=FIX4.4; 35=D; 34=103; 49=MTHREE; 56=MS; 52=2024-05-23-05:39:22; 55=ABT; 40=2; 38=12719; 21=2; 11=algo20240523053922; 60=2024-05-23-05:39:22; 54=2; 44=94.04; 10=0252;
8=FIX4.4; 35=8; 34=151; 49=MS; 56=MTHREE; 52=2024-05-23-05:39:22; 55=ABT; 40=2; 11=algo20240523053922; 31=94.04; 150=0; 39=0; 54=2; 44=94.04; 32=0; 17=exec20240523053922; 38=12719; 60=2024-05-23-05:39:22; 6=0; 14=0; 37=algo20240523053922; 10=200;
8=FIX4.4; 35=8; 34=152; 49=MS; 56=MTHREE; 52=2024-05-23-05:39:22; 55=ABT; 40=2; 11=algo20240523053922; 31=94.04; 150=1; 39=1; 54=2; 44=94.04; 32=3179; 17=exec20240523053922; 38=12719; 60=2024-05-23-05:39:22; 6=94.04; 14=3179; 37=algo20240523053922; 10=240;
8=FIX4.4; 35=8; 34=153; 49=MS; 56=MTHREE; 52=2024-05-23-05:39:23; 55=ABT; 40=2; 11=algo20240523053922; 31=94.04; 150=1; 39=1; 54=2; 44=94.04; 32=3179; 17=exec20240523053923; 38=12719; 60=2024-05-23-05:39:23; 6=94.04; 14=6358; 37=algo20240523053922; 10=240;
8=FIX4.4; 35=8; 34=154; 49=MS; 56=MTHREE; 52=2024-05-23-05:39:24; 55=ABT; 40=2; 11=algo20240523053922; 31=94.04; 150=1; 39=1; 54=2; 44=94.04; 32=3179; 17=exec20240523053924; 38=12719; 60=2024-05-23-05:39:24; 6=94.04; 14=9537; 37=algo20240523053922; 10=240;
8=FIX4.4; 35=8; 34=155; 49=MS; 56=MTHREE; 52=2024-05-23-05:39:26; 55=ABT; 40=2; 11=algo20240523053922; 31=94.04; 150=2; 39=2; 54=2; 44=94.04; 32=3182; 17=exec20240523053926; 38=12719; 60=2024-05-23-05:39:26; 6=94.04; 14=12719; 37=algo20240523053922; 10=246;
8=FIX4.4; 35=D; 34=104; 49=MTHREE; 56=MS; 52=2024-05-23-05:39:26; 55=ABBV; 40=2; 38=25965; 21=2; 11=algo20240523053926; 60=2024-05-23-05:39:26; 54=2; 44=83.60; 10=0252;
8=FIX4.4; 35=8; 34=156; 49=MS; 56=MTHREE; 52=2024-05-23-05:39:26; 55=ABBV; 40=2; 11=algo20240523053926; 31=83.60; 150=0; 39=0; 54=2; 44=83.60; 32=0; 17=exec20240523053926; 38=25965; 60=2024-05-23-05:39:26; 6=0; 14=0; 37=algo20240523053926; 10=200;
8=FIX4.4; 35=8; 34=157; 49=MS; 56=MTHREE; 52=2024-05-23-05:39:26; 55=ABBV; 40=2; 11=algo20240523053926; 31=83.60; 150=1; 39=1; 54=2; 44=83.60; 32=12982; 17=exec20240523053926; 38=25965; 60=2024-05-23-05:39:26; 6=83.60; 14=12982; 37=algo20240523053926; 10=240;
8=FIX4.4; 35=8; 34=158; 49=MS; 56=MTHREE; 52=2024-05-23-05:39:28; 55=ABBV; 40=2; 11=algo20240523053926; 31=83.60; 150=2; 39=2; 54=2; 44=83.60; 32=12983; 17=exec20240523053928; 38=25965; 60=2024-05-23-05:39:28; 6=83.60; 14=25965; 37=algo20240523053926; 10=246;
8=FIX4.4; 35=D; 34=105; 49=MTHREE; 56=MS; 52=2024-05-23-05:39:28; 55=ANF; 40=2; 38=23254; 21=2; 11=algo20240523053928; 60=2024-05-23-05:39:28; 54=1; 44=9.10; 10=0252;
8=FIX4.4; 35=8; 34=159; 49=MS; 56=MTHREE; 52=2024-05-23-05:39:28; 55=ANF; 40=2; 11=algo20240523053928; 31=9.10; 150=0; 39=0; 54=1; 44=9.10; 32=0; 17=exec20240523053928; 38=23254; 60=2024-05-23-05:39:28; 6=0; 14=0; 37=algo20240523053928; 10=200;
8=FIX4.4; 35=F; 34=105; 49=MTHREE; 56=MS; 52=2024-05-23-05:39:28; 41=algo20240523053928; 55=ANF; 38=23254; 11=C_algo20240523053928; 60=2024-05-23-05:39:28; 10=060;
8=FIX4.4; 35=8; 34=159; 49=MS; 56=MTHREE; 52=2024-05-23-05:39:28; 55=ANF; 11=C_algo20240523053928; 31=0; 150=6; 39=6; 54=1; 44=9.10; 17=exec20240523053928; 32=0; 41=algo20240523053928; 38=23254; 60=2024-05-23-05:39:28; 6=0.0; 14=0; 37=algo20240523053928; 10=252;
8=FIX4.4; 35=8; 34=160; 49=MS; 56=MTHREE; 52=2024-05-23-05:39:28; 151=15503; 55=ANF; 11=C_algo20240523053928; 31=0; 150=4; 39=4; 54=1; 17=exec20240523053928; 32=0; 41=algo20240523053928; 38=23254; 60=2024-05-23-05:39:28; 6=0.0; 14=0; 37=algo20240523053928; 10=252;
8=FIX4.4; 35=D; 34=107; 49=MTHREE; 56=MS; 52=2024-05-23-05:39:30; 55=ABM; 40=2; 38=5955; 21=2; 11=algo20240523053930; 60=2024-05-23-05:39:30; 54=1; 44=31.64; 10=0252;
8=FIX4.4; 35=8; 34=162; 49=MS; 56=MTHREE; 52=2024-05-23-05:39:30; 55=ABM; 40=2; 11=algo20240523053930; 31=31.64; 150=0; 39=0; 54=1; 44=31.64; 32=0; 17=exec20240523053930; 38=5955; 60=2024-05-23-05:39:30; 6=0; 14=0; 37=algo20240523053930; 10=200;
8=FIX4.4; 35=8; 34=163; 49=MS; 56=MTHREE; 52=2024-05-23-05:39:31; 55=ABM; 40=2; 11=algo20240523053930; 31=31.64; 150=2; 39=2; 54=1; 44=31.64; 32=5955; 17=exec20240523053931; 38=5955; 60=2024-05-23-05:39:31; 6=31.64; 14=5955; 37=algo20240523053930; 10=246;
8=FIX4.4; 35=D; 34=108; 49=MTHREE; 56=MS; 52=2024-05-23-05:39:31; 55=AAPL; 40=2; 38=12339; 21=2; 11=algo20240523053931; 60=2024-05-23-05:39:31; 54=2; 44=284.65; 10=0252;
8=FIX4.4; 35=8; 34=164; 49=MS; 56=MTHREE; 52=2024-05-23-05:39:31; 55=AAPL; 40=2; 11=algo20240523053931; 31=284.65; 150=0; 39=0; 54=2; 44=284.65; 32=0; 17=exec20240523053931; 38=12339; 60=2024-05-23-05:39:31; 6=0; 14=0; 37=algo20240523053931; 10=200;
8=FIX4.4; 35=8; 34=165; 49=MS; 56=MTHREE; 52=2024-05-23-05:39:32; 55=AAPL; 40=2; 11=algo20240523053931; 31=284.65; 150=2; 39=2; 54=2; 44=284.65; 32=12339; 17=exec20240523053932; 38=12339; 60=2024-05-23-05:39:32; 6=284.65; 14=12339; 37=algo20240523053931; 10=246;
8=FIX4.4; 35=D; 34=109; 49=MTHREE; 56=MS; 52=2024-05-23-05:39:32; 55=PEP; 40=2; 38=12082; 21=2; 11=algo20240523053932; 60=2024-05-23-05:39:32; 54=2; 44=45.43; 10=0252;
8=FIX4.4; 35=8; 34=166; 49=MS; 56=MTHREE; 52=2024-05-23-05:39:32; 55=PEP; 40=2; 11=algo20240523053932; 31=45.43; 150=0; 39=0; 54=2; 44=45.43; 32=0; 17=exec20240523053932; 38=12082; 60=2024-05-23-05:39:32; 6=0; 14=0; 37=algo20240523053932; 10=200;
8=FIX4.4; 35=8; 34=167; 49=MS; 56=MTHREE; 52=2024-05-23-05:39:32; 55=PEP; 40=2; 11=algo20240523053932; 31=45.43; 150=1; 39=1; 54=2; 44=45.43; 32=4027; 17=exec20240523053932; 38=12082; 60=2024-05-23-05:39:32; 6=45.43; 14=4027; 37=algo20240523053932; 10=240;
8=FIX4.4; 35=8; 34=168; 49=MS; 56=MTHREE; 52=2024-05-23-05:39:33; 55=PEP; 40=2; 11=algo20240523053932; 31=45.43; 150=1; 39=1; 54=2; 44=45.43; 32=4027; 17=exec20240523053933; 38=12082; 60=2024-05-23-05:39:33; 6=45.43; 14=8054; 37=algo20240523053932; 10=240;
8=FIX4.4; 35=8; 34=169; 49=MS; 56=MTHREE; 52=2024-05-23-05:39:35; 55=PEP; 40=2; 11=algo20240523053932; 31=45.43; 150=2; 39=2; 54=2; 44=45.43; 32=4028; 17=exec20240523053935; 38=12082; 60=2024-05-23-05:39:35; 6=45.43; 14=12082; 37=algo20240523053932; 10=246;
8=FIX4.4; 35=D; 34=110; 49=MTHREE; 56=MS; 52=2024-05-23-05:39:35; 55=; 40=2; 38=32282; 21=2; 11=algo20240523053935; 60=2024-05-23-05:39:35; 54=2; 44=; 10=0252;
8=FIX4.4; 35=8; 34=170; 49=MS; 56=MTHREE; 52=2024-05-23-05:39:35; 55=; 40=2; 11=algo20240523053935; 31=; 150=0; 39=0; 54=2; 44=; 32=0; 17=exec20240523053935; 38=32282; 60=2024-05-23-05:39:35; 6=0; 14=0; 37=algo20240523053935; 10=200;
8=FIX4.4; 35=F; 34=110; 49=MTHREE; 56=MS; 52=2024-05-23-05:39:35; 41=algo20240523053935; 55=; 38=32282; 11=C_algo20240523053935; 60=2024-05-23-05:39:35; 10=060;
8=FIX4.4; 35=8; 34=170; 49=MS; 56=MTHREE; 52=2024-05-23-05:39:35; 55=; 11=C_algo20240523053935; 31=0; 150=6; 39=6; 54=2; 44=; 17=exec20240523053935; 32=0; 41=algo20240523053935; 38=32282; 60=2024-05-23-05:39:35; 6=0.0; 14=0; 37=algo20240523053935; 10=252;
8=FIX4.4; 35=8; 34=171; 49=MS; 56=MTHREE; 52=2024-05-23-05:39:35; 151=21522; 55=; 11=C_algo20240523053935; 31=0; 150=4; 39=4; 54=2; 17=exec20240523053935; 32=0; 41=algo20240523053935; 38=32282; 60=2024-05-23-05:39:35; 6=0.0; 14=0; 37=algo20240523053935; 10=252;
