55=AAPL; 11=algo20240523053815; 54=2; 31=1276.37; 32=1179; 17=exec20240523053815;
55=INTC; 11=algo20240523053825; 54=2; 31=339.13; 32=6553; 17=exec20240523053825;
55=AMGN; 11=algo20240523053831; 54=2; 31=116.62; 32=5187; 17=exec20240523053831;
55=SBUX; 11=algo20240523053842; 54=2; 31=75.71; 32=1625; 17=exec20240523053842;
55=SBUX; 11=algo20240523053842; 54=2; 31=75.71; 32=1625; 17=exec20240523053843;
55=TMUS; 11=algo20240523053847; 54=1; 31=90.74; 32=5130; 17=exec20240523053847;
55=MDLZ; 11=algo20240523053850; 54=1; 31=52.26; 32=7368; 17=exec20240523053850;
55=BAC; 11=algo20240523053853; 54=2; 31=22.03; 32=10027; 17=exec20240523053853;
55=BAC; 11=algo20240523053853; 54=2; 31=22.03; 32=10027; 17=exec20240523053854;
55=DDD; 11=algo20240523053856; 54=1; 31=8.01; 32=2942; 17=exec20240523053856;
55=MMM; 11=algo20240523053859; 54=2; 31=146.98; 32=501; 17=exec20240523053859;
55=EGHT; 11=algo20240523053905; 54=1; 31=17.03; 32=7955; 17=exec20240523053905;
55=AOS; 11=algo20240523053909; 54=2; 31=40.38; 32=1556; 17=exec20240523053909;
55=AOS; 11=algo20240523053909; 54=2; 31=40.38; 32=1556; 17=exec20240523053910;
55=AOS; 11=algo20240523053909; 54=2; 31=40.38; 32=1556; 17=exec20240523053911;
55=AAN; 11=algo20240523053917; 54=2; 31=25.68; 32=5982; 17=exec20240523053917;
55=ABT; 11=algo20240523053922; 54=2; 31=94.04; 32=3179; 17=exec20240523053922;
55=ABT; 11=algo20240523053922; 54=2; 31=94.04; 32=3179; 17=exec20240523053923;
55=ABT; 11=algo20240523053922; 54=2; 31=94.04; 32=3179; 17=exec20240523053924;
55=ABBV; 11=algo20240523053926; 54=2; 31=83.60; 32=12982; 17=exec20240523053926;
55=PEP; 11=algo20240523053932; 54=2; 31=45.43; 32=4027; 17=exec20240523053932;
55=PEP; 11=algo20240523053932; 54=2; 31=45.43; 32=4027; 17=exec20240523053933;
55=AAPL; 11=algo20240523054152; 54=1; 31=1276.37; 32=3352; 17=exec20240523054152;
55=MSFT; 11=algo20240523054155; 54=1; 31=59.89; 32=616; 17=exec20240523054155;
55=MSFT; 11=algo20240523054155; 54=1; 31=59.89; 32=616; 17=exec20240523054156;
55=AMZN; 11=algo20240523054159; 54=2; 31=133.47; 32=7860; 17=exec20240523054159;
55=GOOG; 11=algo20240523054202; 54=2; 31=42.05; 32=14621; 17=exec20240523054202;
55=SBUX; 11=algo20240523054221; 54=1; 31=75.71; 32=2483; 17=exec20240523054221;
55=SBUX; 11=algo20240523054221; 54=1; 31=75.71; 32=2483; 17=exec20240523054222;
55=SBUX; 11=algo20240523054221; 54=1; 31=75.71; 32=2483; 17=exec20240523054223;
55=AOS; 11=algo20240523054245; 54=1; 31=40.38; 32=5015; 17=exec20240523054245;
55=ATEN; 11=algo20240523054248; 54=1; 31=6.45; 32=829; 17=exec20240523054248;
55=AIR; 11=algo20240523054250; 54=2; 31=16.31; 32=7672; 17=exec20240523054250;
55=AIR; 11=algo20240523054250; 54=2; 31=16.31; 32=7672; 17=exec20240523054251;
55=AIR; 11=algo20240523054250; 54=2; 31=16.31; 32=7672; 17=exec20240523054252;
55=AAN; 11=algo20240523054254; 54=1; 31=25.68; 32=4404; 17=exec20240523054254;
55=ANF; 11=algo20240523054302; 54=2; 31=9.10; 32=9787; 17=exec20240523054302;
55=ABM; 11=algo20240523054305; 54=1; 31=31.64; 32=392; 17=exec20240523054305;
55=AAPL; 11=algo20240523054308; 54=1; 31=284.65; 32=4081; 17=exec20240523054308;
55=; 11=algo20240523054313; 54=2; 31=; 32=5344; 17=exec20240523054313;
55=; 11=algo20240523054313; 54=2; 31=; 32=5344; 17=exec20240523054314;
55=; 11=algo20240523054313; 54=2; 31=; 32=5344; 17=exec20240523054315;
55=; 11=algo20240523054313; 54=2; 31=; 32=5344; 17=exec20240523054316;
